Marcellus
Jabari
Felipe
Derrick
Julius
Kareem
Anders
Sullivan
Branson
Yael
Braxton
Sam
Derek
Jeremiah
Darren
Timothy
Ronnie
Samir
Johan
Ramon
Bellamy
Kolton
Victor
Frederick
Finley
Charles
Timothy
Dominik
Wayne
Reid
Frank
Darian
Miller
Wells
Kenny
Judson
Elias
Bo
Aryan
Adam
Noel
Ramon
Sam
Miguel
Jaxx
Drew
Jayce
Bryson
Elliot
Damian
Damari
Jace
Landen
Carmelo
Byron
Matias
Arjun
Matthew
Simon
Carlos
Lance
Justice
Troy
Alonso
Jakari
Niklaus
Bodhi
Lucas
Frank
Eithan
Ryland
Maxwell
Boston
Kyson
Jamie
Mario
Prince
Titus
George
Fletcher
Winston
Eli
Vance
Matteo
Harlan
Landyn
Mekhi
Tanner
Frank
Allan
Landon
Austin
Danny
Ronnie
Jayson
Malakhi
Carl
Lane
Marvin
Colten
Santana
Dennis
Marlon
Kalel
Rene
Bowen
Toby
Nasir
Hudson
George
Case
Beckett
Marlon
Isaias
Henrik
Trey
Levi
Gerald
Jonas
Porter
Marcellus
Jonathan
Roy
Billy
Dario
Westley
Elias
Carmelo
Soren
Langston
Wade
Randy
Dariel
Fox
Brendan
Brycen
Joseph
Peyton
Arthur
Abel
Jacoby
Jaxx
Cassius
Jerry
Peyton
Reece
Blake
Andrew
Sawyer
George
Killian
Princeton
Chase
Harley
Romeo
Leonel
Sage
Emmett
Harrison
Ezequiel
Seth
Stanley
Ronin
Fisher
Alonzo
Aries
Daniel
Eliseo
Stefan
Johan
Vincenzo
Kelvin
Arlo
Musa
Ledger
Augustine
Hugo
Howard
Kalel
Bodie
Darius
Callahan
Vincenzo
Eric
Jamal
Vance
Francisco
Nathaniel
Hudson
Marc
Marvin
Jasiah
Frederick
Miller
Caspian
Thiago
Krew
Brady
Judah
Brandon
Desmond
Joseph
Jamison
Frank
Keenan
Joziah
Aries
Banks
Armani
Nova
Lachlan
Kashton
Eric
Tripp
Yehuda
Jeremy
Vicente
Joe
Dustin
Leandro
Leonidas
Felipe
Neil
David
Camden
Kamryn
Kase
Esteban
Rafael
Amos
Nico
Christopher
Oakley
Tomas
Mauricio
Corey
Alfred
Rory
Marc
Chance
Francisco
Kendrick
Miguel
Alijah
Atreus
David
Sonny
Rome
Ethan
Quinn
Riley
Mayson
Brayan
Dustin
Remy
Edgar
Emmitt
Leroy
Dominic
Rohan
Aarav
Lennon
Magnus
Eden
Reece
Anders
Emiliano
Casey
Ares
Jairo
Nathan
Wade
Weston
Maurice
Dillon
Trace
Ford
Zayden
Jensen
Rylan
Josiah
Alonso
Titan
Liam
Vihaan
Skyler
Leandro
Emerson
August
Dawson
Elisha
Mayson
Jaxson
Mark
Trace
Elias
Wesson
Tate
Tatum
Will
Cullen
Wade
Cruz
Kevin
Vincenzo
Korbin
Jamari
Thomas
Dante
Keanu
Hendrix
Shane
Lawrence
Davis
Rodrigo
Gerald
Gerald
Enrique
Khalil
Vincenzo
Joel
Hendrix
Sutton
Wayne
Walter
Zane
Lian
Foster
Erick
Ace
Derrick
Stetson
Finley
Harlan
Kaiser
Wesley
Noah
Cayden
Mac
Kace
David
Brayan
Gerald
Kylan
Jaime
Major
Andrew
Finn
Brendan
Toby
Ephraim
Sebastian
Manuel
Hector
Ezra
Lennon
Kaden
Lincoln
Jayce
Sam
Franco
Grayson
Alden
Corbin
Arjun
Yosef
Toby
Hezekiah
Brady
Alexis
Atlas
Jedidiah
Milo
Marcus
Wallace
Apollo
Keenan
Timothy
Milan
Harry
Caleb
Aayan
Reuben
Franklin
Benson
Rory
Nelson
Kieran
Judah
Yehuda
Elias
Jabari
Arthur
Musa
Aldo
Dax
Ahmed
Ahmed
Brycen
Cruz
Cason
Watson
Anson
Judson
Kevin
Dario
Ismael
Hayes
Omari
Kenny
Ronnie
Aidan
Sebastian
Martin
Steven
Chris
Maximiliano
Justice
Thiago
Braden
Adonis
Noel
Ricky
Julien
Kaison
Malachi
Yisroel
Sebastian
Ronnie
Hamza
Raiden
Reed
Marlon
Kingston
Leon
Lee
Seven
Jeremiah
Desmond
Clayton
Maximilian
Franco
Yusuf
Legacy
Javion
Moshe
Watson
Jameson
Adan
August
Jaxen
Cruz
Ian
August
Giovanni
Malakhi
Alexis
Briggs
Jett
Elliot
Braylon
Brodie
Ayden
Zahir
Santos
Danny
Ronan
Valentin
Stetson
Jamari
Kase
Kohen
Zachary
Theodore
Yahir
Zaiden
Allen
Kenzo
Elijah
Quinn
Sonny
Hendrix
Armando
Aaron
Zyon
Beckham
Gerald
Manuel
Mitchell
Sage
Jake
Brayden
Zaid
Andres
Wayne
Hayes
Forest
Maximus
Maxwell
Sterling
Vicente
Clayton
Ayan
Jeffrey
Hayden
Ariel
Amari
Dariel
Brady
Ignacio
Abel
Remington
Lawson
Jaxxon
Callahan
Joe
Finley
Kashton
Daniel
Johnny
Finnegan
Colby
Mohamed
Arian
Colter
Mario
Brody
Santiago
Jad
Alexander
Xzavier
Tony
Logan
Dakota
Jacob
Bode
Mack
Camden
Kayden
Ira
Bentley
Emiliano
Talon
Joel
Silas
Abram
Graham
Kyree
Cairo
Marcos
Damien
Jefferson
Hayden
Charles
Camilo
Rex
Jagger
Carson
Jair
Hayden
Case
Stephen
Ryder
Landyn
Kannon
Francisco
Zachary
Terrance
Bear
Henry
Ruben
Caspian
Connor
Lawson
Uriel
Houston
Kai
Kareem
Yahir
Hudson
Richard
Russell
Ben
Joe
Jefferson
Davis
Juelz
Kenzo
Corbin
Dominik
John
Alejandro
Landyn
Conrad
Russell
Legend
Aryan
Jabari
Ari
Thatcher
Jair
Xzavier
Ledger
Ashton
Bryant
Ali
Martin
Zeke
Jamie
Beckett
Derek
Niko
Louis
Jaxson
Douglas
Sebastian
Kian
Samuel
Henrik
Dayton
Melvin
Shepherd
Santino
Kenzo
Dominik
Jayce
Brendan
Howard
Marcus
Tucker
Issac
Makai
Joe
Jamal
Dallas
Tristen
Kylan
Valentino
Kaiden
Emmanuel
Paul
Lane
Sage
Ellis
Sebastian
Niklaus
Luca
Koda
Leon
Christian
Santino
Sterling
Landen
Alessandro
Harlan
Jimmy
Sean
Nehemiah
Finnley
Mitchell
Russell
Emery
Stefan
Darius
Krew
Jamari
Micah
Omar
Holden
Abdiel
Tru
Nasir
Raylan
Randy
Sylas
Watson
Boone
Lyle
Damian
Lorenzo
Keith
Karter
Ibrahim
Abel
Gianni
Lukas
Johnathan
Rodney
Koda
Robin
Israel
Koa
Mac
Baylor
Finley
Kamden
Trace
Charlie
Ahmad
Aziel
Emmett
Maurice
Eli
Beckham
Leonel
Nicolas
Ermias
Steven
Royce
Keanu
Fletcher
Royce
Brian
Quinn
Yahya
Clark
Santiago
Derrick
Conrad
Mario
Gideon
Atticus
Banks
Rey
Reginald
Amir
Bode
Kane
Donald
Steven
Mustafa
Colt
Jakari
Malcolm
Emilio
Benson
Santos
Trevor
Emerson
Malakai
Wesson
Dorian
Amos
Briggs
Sean
Emir
Langston
Harry
Joey
Vance
Manuel
Brooks
Rohan
Anson
Tate
Jad
Dalton
Marcus
Colin
Makai
Ayaan
Matthew
Melvin
Colt
Zayden
Dillon
Stone
Jericho
Kaison
Ashton
Creed
Salvatore
Casen
Dakota
Lee
Kaiden
Elian
Jonas
Zyon
Jayce
Lennox
Louie
Kingston
Chase
Wesley
Eithan
Hudson
Lance
Phoenix
Davion
Kade
Colby
Zyon
Leland
Iker
Jefferson
Axl
Kole
Eric
Callum
Zaid
Blake
Keaton
Daniel
Jose
Myles
Bentlee
Dangelo
Dean
Philip
Leon
Reyansh
Vivaan
Ford
Kevin
Roger
Joziah
Kaleb
Israel
Kash
Casey
Hank
Garrett
Samson
Ryan
Ares
Salvatore
Raiden
Misael
Kayson
Aldo
Fletcher
Gary
Damari
Tripp
Ernesto
Omari
Matthias
Enoch
Raiden
Dayton
Niko
Julio
Amias
Damon
Finley
Nash
Antonio
Jasiah
Christian
Ahmed
Erik
Danny
Ares
Caspian
Dexter
Madden
Keegan
Erik
Elliott
Briar
Brendan
Zander
Julio
Keanu
Elias
Kamari
Jamie
Jase
Hassan
Harlan
Dane
Douglas
Ryan
Henry
Shawn
Kieran
Khalid
Fernando
Brian
Kaleb
Reuben
Sterling
Ryker
Allen
Hayes
Augustine
Carter
Yahya
Nolan
Brady
Jamir
Adrien
Legend
Wesley
Brycen
Stanley
Izaiah
Nixon
Ira
Brendan
Adriel
Xavier
Rudy
Gary
Zechariah
Evan
Xavier
Knox
Zander
Kyro
Darren
Colten
Henrik
Aryan
Rowan
Graham
Emiliano
Salvatore
Paul
Kylo
Atticus
Erick
Timothy
Merrick
Leland
Blaze
Chance
Anderson
Ryder
Cash
Joseph
Leo
Cairo
Nova
Aayan
Myles
Ayden
Soren
Briggs
Conner
Manuel
Isaiah
Lian
Ronan
Dante
Boston
Lukas
Alan
Leonardo
Josue
Zachary
Rylan
Jeremias
Chandler
Jose
Jacoby
Beau
Yahir
Esteban
Rhett
Jayson
Khari
Jared
Mauricio
Elisha
Bear
Dakota
Raphael
Major
Fisher
Alvaro
Logan
Zaiden
Peter
Quentin
Nixon
Emanuel
Kace
Alaric
Alfonso
Martin
Marcelo
Calum
Toby
Jalen
Landry
Christopher
Xander
Darius
Anthony
Jimmy
Nathanael
Hugh
Rocco
Rome
Easton
Leonidas
Jonas
Dakari
Bjorn
Atlas
Alvin
Moises
Yahir
Briar
Francis
Emanuel
Orlando
Davis
Rodrigo
Marcelo
Jermaine
Allen
Colten
Harlem
Rodney
Darius
Reign
Axton
Lincoln
Jaxson
Trent
Gerardo
Ayaan
Sylas
Luka
Memphis
Walker
Cesar
Otto
Ephraim
Isaias
Sean
Leonard
Aziel
Nikolai
Mohammad
Alvaro
Genesis
Fisher
Justin
Caspian
Tyson
Harley
Conrad
Boston
Wells
Rowan
Randy
Ahmir
Santiago
Anakin
Ignacio
Yahya
Douglas
Royal
Malik
Ronin
Dakota
Jamari
Melvin
Lucian
Alijah
Braden
Westin
Anson
Raiden
Westin
Noah
Korbin
Russell
Manuel
Colby
Conor
Iker
Messiah
Maison
Matias
Bode
Giovanni
Adan
Ezra
Brody
Jaxxon
Moises
Dilan
Jayceon
Orion
Roman
Raiden
Jensen
Trent
Carmelo
Christian
Anderson
Jace
Reyansh
Krew
Abdiel
Jesus
Ahmed
Christian
Tristen
Kendrick
Zyon
Nikolas
Ayden
Malik
Hugh
Finnegan
Adrian
Keith
Juelz
Bellamy
Jaime
Francisco
Zaire
Kyle
Erick
Beau
Reid
Derek
Kristopher
Mathew
Alvin
Eugene
Jakari
Jason
Jude
Colton
Jeremiah
Demetrius
Vincent
Malcolm
Boden
Adonis
Landen
Ezequiel
Elliott
Fisher
Cain
Brendan
Musa
Carmelo
Hamza
Emilio
Jesiah
Bryce
Oliver
Bradley
Keegan
Darwin
Axl
Drew
Lucca
Kole
Rudy
Ford
Kyro
Ryland
Brian
Wyatt
August
Johnny
Jay
Chris
Adonis
Kylo
Jaziel
Jericho
Eithan
Karson
Ford
Baker
Genesis
Louis
Maison
Abdiel
Jensen
Cullen
Eliel
Cory
Eugene
Jaxson
Josiah
Leighton
Paxton
Ronnie
Rudy
Vivaan
Westin
Calvin
Enoch
Grant
Brycen
Shawn
Preston
Donovan
Weston
Wilder
Damian
Titan
Melvin
Isaias
Matteo
Alec
Elliot
Sincere
Spencer
Braydon
Justice
Caiden
Landry
Devin
Valentin
Uriel
Cullen
Jedidiah
Orion
Holden
Vivaan
Mohammad
Adonis
Scott
Nico
Jonas
Musa
Idris
Harry
Major
Tru
Drew
Zakai
Brycen
Justice
Kaiser
Rodney
Tadeo
Raiden
Denver
Judah
Steven
George
Foster
Archer
Bentlee
Leonidas
Chaim
Jonah
Ismael
Sage
Santos
Eden
Jacoby
Ezekiel
Magnus
Mateo
Huxley
Josiah
Brecken
Hezekiah
Phillip
Johnathan
Ronin
Martin
Walker
Nasir
Yahya
Kye
Philip
Jose
Koda
Karter
Franklin
Aldo
Marlon
Jabari
Adam
Henrik
Vance
Mohammed
Ezequiel
Terry
Braden
Mauricio
Alec
Julius
Ashton
Keaton
Carl
Grant
Ryan
Dallas
Lennon
Matias
Orion
Gary
Cesar
Carmelo
Kyle
Wilder
Gary
Ronald
Ignacio
Ayaan
Ahmed
Hank
Azrael
Santiago
Landon
Zyon
Jace
Gabriel
Eithan
Kylen
Johnathan
Eugene
Cooper
Keegan
Conor
Mason
Mason
Nash
Raul
Daniel
Darren
Alfred
Ashton
Oscar
Noel
Emmitt
Rayan
Emir
Reece
Mitchell
Austin
Onyx
Dominick
Vivaan
Caiden
Alexander
Issac
Ezequiel
Santana
Kaison
Russell
Seven
Xavier
Rome
Creed
Dario
Anson
Hassan
Dash
Major
Judson
Thomas
Caspian
Kylan
Shane
Castiel
Josiah
Baylor
Marc
Eithan
Marcelo
Caiden
Ira
Edwin
Frederick
Victor
Dean
Lennox
Rowan
Izaiah
Mylo
Roy
Fisher
Elias
Wilder
August
Zion
Jax
Elisha
Callum
Mohamed
Isaias
Alden
Deandre
Dario
Owen
Gavin
Vivaan
Bruce
Keenan
Bodhi
Moises
Kenzo
Zayn
Odin
Nehemiah
Jace
Zion
Damon
Ahmad
Tate
Javion
Isaiah
Diego
Xander
Mauricio
Gunner
Neil
Bridger
Henry
Emmanuel
Kyrie
Jovanni
Anthony
Caiden
Foster
Marcos
Anderson
Marquis
Keenan
Ryker
Hudson
Cain
Camilo
Cody
Jamal
Emilio
Omari
Damian
Musa
Blaise
Ricardo
Matias
Forrest
Ivan
Lance
Lance
Jaylen
Jaxx
Uriel
Francisco
Harlem
Harlem
Gage
Hank
Samuel
Wilder
Cash
Kyree
Rodrigo
Bentley
Alejandro
Baylor
Lionel
Deacon
Kamden
Rory
Ivan
Kody
Omari
Killian
Rodrigo
Roland
Damian
Santiago
Adrien
Terrance
Calvin
Blaze
Nolan
Stephen
Ricardo
Graham
Yahir
Bodhi
Hugh
Grayson
Jayson
Rudy
Sutton
Ahmad
Elliot
Micah
Jefferson
Houston
Karson
Jaime
Jayson
Layton
Leland
Muhammad
Legend
Winston
Harrison
Kody
Forest
Adam
Wesson
Cesar
Zion
Solomon
Giovanni
Joaquin
Rayden
Enoch
Ty
Tru
Yisroel
Donovan
Jamari
Allan
Alex
Leonardo
Jeremias
Walter
Desmond
David
Callen
Jeffery
Vincent
Jude
Apollo
Elliott
Bodie
Elliot
Evan
Luciano
Trent
Ethan
Dakota
Bronson
Lawrence
Harold
William
Jaime
Cayson
Hayes
Kamden
Marcos
Malachi
Landyn
Alfonso
Seven
Colby
Declan
Malakhi
Santiago
Layton
Chance
Raylan
Weston
Clayton
Yousef
Ambrose
Erick
Martin
Rocky
Alberto
Cairo
Dane
Abdullah
Cannon
Clayton
Leandro
Jon
Joshua
Rylan
Remi
King
Randy
Rayan
King
Jericho
Remy
Kenneth
Marcel
Kason
Yosef
Fabian
Zayn
Gatlin
Grey
Rylan
Arjun
Finnegan
Madden
Zayn
Brycen
Mohamed
Kenny
Archer
Jesiah
Tadeo
Alaric
Terrance
Ignacio
Thomas
Zayn
Langston
Reginald
Collin
Brendan
Ruben
Ford
Ryker
Wilson
Vance
Santiago
Francisco
Dilan
Roberto
Bjorn
Royal
Arjun
Ariel
Hugo
Braden
Jesiah
Koa
Nova
Amari
Howard
Mauricio
Zayden
Kamdyn
Ari
Chance
Ledger
Carmelo
Larry
Philip
Holden
Jaxon
Lyle
Ambrose
Mack
Brooks
Watson
Maximo
Killian
Ryan
Tucker
Silas
Miguel
Moses
Rey
Ryker
Forest
Aldo
Leonel
Calvin
Josiah
Bellamy
Crosby
Ares
Carson
Briggs
Malik
Felix
Yahya
Yael
Cody
Kace
Royal
Atlas
Keaton
Charles
Cory
George
Melvin
Sonny
Ben
Ermias
Micah
Xander
Manuel
Remy
Cesar
Ricardo
Wyatt
Cesar
Zion
Callum
Brycen
Lawson
King
Anderson
Corbin
Misael
Bryan
Colton
Aayan
Zaire
Everett
Brayan
Layton
Ernesto
Lennon
Dorian
Donovan
Eliel
Jaiden
Parker
Theodore
Francis
Brentley
Jared
Oscar
Gideon
Joseph
Misael
Gavin
River
Rodney
Noe
Maximilian
Titan
Gunner
Archie
Vivaan
Ronnie
Carl
Hendrix
Peyton
Giovanni
Austin
Javion
Gustavo
Jared
Harvey
Uriah
Uriah
Javier
Armando
Creed
Reid
Bear
Douglas
Hunter
Cody
Elisha
Ryan
Thaddeus
Joshua
Derek
Hayden
Julian
Rex
Aaron
Charlie
Finnley
Beau
Warren
Mohammed
Alexzander
Callan
Braden
Brantley
Marquis
Kenny
Yisroel
Jaxx
Eli
Fernando
Harold
Sincere
Hugh
Cameron
Yehuda
Karter
Jay
Quinton
Huxley
Noah
Raiden
Demetrius
Dash
Denver
Jackson
Shiloh
Rudy
Bodhi
Nathanael
Stephen
Finn
Reginald
Franklin
Junior
Evan
Knox
Eliel
Scott
Beau
Luca
Issac
Azariah
Cody
Ryder
Arlo
Dhruv
Kannon
Emerson
Dane
Curtis
Alexis
Xavier
Jad
Lucas
Santino
Carl
Ace
John
Lorenzo
Frank
Conor
Theodore
Reginald
Corey
Maurice
Kian
Kody
Mordechai
Damon
Jaiden
Gary
Damien
Brett
Misael
Dominik
Gary
Atreus
Jerome
Turner
Yael
Cairo
Conrad
Alexis
Shiloh
Ronan
Malakai
Jorge
Mateo
Jayson
Carl
Nathan
Marcelo
Derek
Cassius
Easton
Colt
Ari
Cain
Howard
Franco
Santana
Asa
Lucca
Legend
Gary
Justin
Ares
Houston
Milan
Cairo
Isaias
Caden
Luke
Kellen
Jesus
Jamir
Rayden
Preston
Judah
Grayson
Larry
Silas
Kingston
Scott
Zain
Jaxxon
Benjamin
Leighton
Neil
Knox
Brennan
Sullivan
Damon
Johnny
Jameson
Kendrick
Vihaan
Silas
Ramon
Odin
Marcel
Rudy
Mack
Colson
Lawson
Alfredo
Dante
Carson
Kayson
Ira
Dominic
Cayden
Reuben
Desmond
Kelvin
Joziah
Valentino
Dexter
Zachariah
Raymond
Tony
Elijah
Jovanni
Kyle
Landyn
Kaiden
Koa
Zane
Deandre
Jason
Shawn
Malakai
Reed
David
Vivaan
Wesson
Weston
Banks
Valentino
Kiaan
Iker
Jamal
Taylor
Knox
Rocky
Grant
Julius
Ivan
Franklin
Madden
Anson
Zain
Christopher
Leonard
Gatlin
Noe
Zavier
Axl
Nasir
Lance
Moises
Beckett
Javier
Fox
Brodie
Abel
Simeon
Hugh
Javier
Moises
Marvin
Aydin
Atticus
Ray
Abram
Davion
Baylor
Kellan
Ryker
Andrew
Troy
Thiago
Jayson
Levi
Anders
Leo
Callum
Bruce
Jeremiah
Quinton
Dexter
Johnathan
Sawyer
Harley
Royce
John
Jasper
Antonio
Louie
Troy
Malakai
Tristen
Waylon
Corbin
Baker
Angelo
Kamdyn
Nicolas
Gordon
Miles
Donald
Foster
Kristopher
Bear
Lewis
Branson
Kody
Reece
Seth
Holden
Braylen
Charles
Wesley
Cameron
Karter
Deandre
Hassan
Ramon
Jaime
Ahmir
Johnathan
Boone
Kane
Keaton
Justice
Aarav
Damon
Cayden
Maximilian
Felix
Lane
Kyro
Van
Kamari
Judah
Zayd
Quinn
Juelz
Kalel
Barrett
Jaxxon
Tatum
Zayd
Dariel
Isaiah
Noe
Logan
Fernando
Timothy
Ronin
Pedro
Salem
Atticus
Henry
Ruben
Dayton
Eugene
Uriah
Thomas
Ace
Kaison
Jaziel
Kyle
Melvin
Ty
Thatcher
Dhruv
Dax
Alessandro
Danny
Stanley
Kristopher
Desmond
Louis
Kody
Niko
Melvin
Travis
Kaden
Houston
Bryan
Kyng
Legacy
Muhammad
Charles
Reginald
Jaxx
Camden
Ian
Braylon
Peyton
Bryce
Kamryn
Mohammad
Easton
Erick
Kylan
Asher
Roy
Kingston
Zayden
Alec
Misael
Ford
Reece
Ayaan
Blake
Yusuf
Franklin
Genesis
Canaan
Royal
Dustin
Santino
Canaan
George
Sergio
Cole
Brantley
Asher
Kenzo
Yehuda
Emmanuel
Oakley
Bryan
Troy
Harvey
Colton
Jadiel
Knox
Devon
Ari
Jefferson
Julio
Paul
Soren
Titus
Jamari
Kody
Greyson
Saint
Jude
Kamryn
Marcelo
Eli
Byron
Erick
Hezekiah
Dhruv
Alexander
Ezra
Sebastian
Melvin
Colt
Finnley
Vance
Allan
Billy
Mack
Isaiah
Dakari
Kingston
Devin
Kylan
Raylan
Talon
Everett
Luis
Kaison
Layton
Rayan
Sincere
Sean
Hassan
Gregory
Parker
Finnegan
Alonzo
Cairo
Axton
Eli
Valentin
Asa
Finley
August
Kody
Santiago
Baylor
Gary
Ezequiel
Gordon
Luis
Jaxen
Crew
Thatcher
Baylor
Tripp
Joziah
Porter
Atlas
Tru
Beckett
Sekani
Kamryn
Tristian
Ayden
Luka
Brixton
Bryan
Harlan
Nathan
Mack
Simon
Idris
Enzo
Tru
Aden
Erick
Aziel
Edgar
Theo
Abel
Alden
Kabir
Darwin
Lee
Casey
Nathanael
Zeke
Toby
Niklaus
Roy
Jaxxon
Andrew
Zavier
Hunter
Jesiah
Dariel
Ariel
Titan
Jefferson
Victor
Junior
Jaxon
Erik
Baker
Pedro
Aayan
Ty
Luis
Joseph
Jonah
Callum
James
Ariel
Alistair
Cash
Jesus
Gerald
Raphael
Marvin
Zakai
Rayan
Armando
Christopher
Maison
Beckham
Layne
Cassius
Finnley
Kylan
Alden
Micah
Magnus
Brixton
Rudy
Richard
Caspian
Conrad
Jaime
Davis
Liam
Ryan
Jonas
Milo
Prince
Vicente
Brandon
Leonel
Theodore
Kade
Reign
Edgar
Davis
Kai
Joshua
Ellis
Douglas
Skyler
Pierce
Bridger
Ford
Bennett
Rodney
Wesson
Jaiden
Malcolm
Bentley
Jared
Fisher
Logan
Atreus
Harlem
Graham
Silas
Marcus
Van
Kyree
Patrick
Moises
Apollo
Benson
Issac
Jeremias
Wayne
Jeremy
Jaxen
Ignacio
Lachlan
Leighton
Rayden
Lennox
Evan
Makai
Robert
Joe
Odin
Kyson
Austin
Case
Lorenzo
Henry
Stanley
Reece
Augustus
Ayden
Aron
Callahan
Robert
Stephen
Mark
Van
Joey
Thatcher
Tanner
Sutton
Jair
Lukas
Ermias
Matteo
Aarav
Zayn
Oakley
Devin
Khalid
Saul
Gage
Boden
Trace
Javier
Lukas
Sullivan
Alberto
Khalil
Yisroel
Brayan
Walter
Jorge
Xavier
Tadeo
Abdullah
Stefan
Kevin
Dash
Tristen
Beckett
Jayceon
Mekhi
Rex
Caspian
Kenneth
Alex
Dalton
Maison
Ray
Lionel
Fox
Royal
Sergio
Kash
Kole
Ledger
Weston
Ricardo
Kane
Malakai
Landon
Conrad
Bryson
Jermaine
Braden
Ronald
Keanu
Chase
Jayden
Hendrix
Jayce
Dennis
Clay
Travis
Aden
Harold
Ameer
Terry
Jaxon
Magnus
Jamal
Ben
Malakhi
Abel
Andrew
Caden
Noah
Tyson
Sage
Bridger
Jakari
Trent
Kody
Emery
Beckham
Jesse
Kasen
Benjamin
Ian
Wells
Douglas
Albert
Victor
Bruce
Adriel
Braden
Casey
Creed
Charlie
Alessandro
Dakota
Bode
Shawn
Jaxen
Parker
Kaden
Kamden
Mauricio
Remington
Jude
Uriah
Uriel
Justice
Aarav
Corbin
Jax
Ashton
Joziah
Onyx
Demetrius
Trenton
Drew
Leonard
Sonny
Beau
Salvador
Maximus
Bryson
Jairo
Judah
Braylen
Kellen
Mohammed
Kristopher
Mark
Rey
Clyde
Leighton
Lennox
Duke
Emiliano
Danny
Antonio
Paxton
Salvador
Castiel
Caleb
Lawson
Callan
Marquis
Landry
Kamari
Brayan
Kellan
Kylian
Blaine
Dustin
Maximiliano
Brycen
Lawson
Misael
Salvatore
Muhammad
Vincent
Dominik
Colson
Reed
Vance
Porter
Sam
Junior
Joaquin
Lucas
Justice
Axton
Steven
Jakob
Wade
Kannon
Gunner
Remington
Landry
Saint
Arian
Harvey
Mekhi
Carson
Hayes
Bellamy
Milan
Justin
Eden
Steven
Skyler
Jayson
Creed
Ermias
Stetson
Rome
Hugh
Sergio
Benicio
Zayd
Pedro
Ashton
Braylon
Brett
Keanu
Jace
Everett
Felix
Jabari
Jakari
Kylan
Christopher
Jadiel
Gunnar
Jaxen
Lance
Cairo
Chandler
Santana
Jackson
Langston
Banks
Arjun
Ronin
William
Josue
Walker
Zion
Kyro
Killian
Francisco
Joel
Reign
Lachlan
Nelson
Derek
Felipe
Cory
Connor
Brixton
Winston
Brecken
Felix
Asa
Wade
Nasir
Emory
Alexis
Clay
Sylas
Augustine
Mason
Clayton
Dilan
Alvin
Briggs
Ezequiel
Caleb
Mordechai
Vincenzo
Van
Cruz
Noah
Tanner
Edwin
Karson
Arian
Lorenzo
Brooks
Rene
Frederick
Trent
Romeo
Jon
Adonis
Kenny
Jackson
Fisher
Ricky
Calvin
Kingsley
Leandro
Myles
Cade
Cade
Hassan
Van
Alexis
Guillermo
Jameson
Cohen
Ronald
Ulises
Emery
Holden
Khalil
Jamari
Troy
Khalid
Xzavier
Landry
Nasir
Nathanael
Jacob
Aydin
Remy
Remington
Arjun
Otto
Drake
Rex
Cullen
Victor
Lochlan
Spencer
Bjorn
Remy
Carson
Camilo
Aziel
Jerome
Legend
Castiel
Joe
Ford
Casen
Bradley
Onyx
Edison
Sutton
Will
Judah
Judah
Landon
Fernando
William
Wyatt
Beckett
Skyler
Landyn
Russell
Clark
Aaron
Carl
Eduardo
Alonzo
Ronald
Colton
Houston
Travis
Yahir
Louie
Kenzo
Abdiel
Amos
Darwin
Otto
Kelvin
Ali
Roger
Tomas
Tru
Brentley
Johnny
Vincent
Zaiden
Aldo
Gunner
Krew
Kamari
Jay
Cullen
Genesis
Dexter
Robert
Gerald
Harlem
Cohen
Noel
Axton
Bowen
Liam
Ira
Johnny
Kayden
Damian
Jacob
Atreus
Maximilian
Boston
Spencer
Matthew
Andre
Augustus
Trent
Camden
Oakley
Alex
Jaylen
Korbin
Dillon
Kalel
Bruno
Anders
Yosef
Joseph
Shane
Jad
Lance
Kai
Kashton
Tristen
Judson
Baker
Jaden
Randy
Cayden
Harvey
Marcel
Kai
Simeon
Zavier
Dorian
Kyro
Brady
Dangelo
Alberto
Jamari
Chris
Yahir
Abraham
Ryder
Vance
Peter
Javion
Kyle
Rocky
Jaxson
Anson
Nikolas
Harvey
Derrick
Travis
Kamdyn
Pedro
Malik
Mauricio
Gerardo
Emir
Adriel
Misael
Martin
Talon
Spencer
Jasper
Asa
Zavier
Conner
Boston
Jovanni
Luciano
Jaziel
Westley
Ellis
Juan
Ezra
Luka
Corey
Aziel
Alvaro
Bryce
Conrad
Gianni
Jordan
Dennis
Julius
Pierce
Charlie
Landry
Desmond
Nicholas
Robert
Simeon
King
Ambrose
Mark
Jalen
Matthew
Jonas
Kristian
Milan
Tate
Carlos
Ambrose
Will
Nathan
Jimmy
Gunner
Beckett
Reyansh
Rhys
Enoch
Alfred
Sage
Vicente
Dante
Clark
Antonio
Banks
Ignacio
Foster
Alonzo
Khalid
Maxwell
Brooks
Jovanni
Greyson
Ford
Arthur
Ronin
Marco
Elian
Arturo
Joseph
Xander
Joseph
Yehuda
Grady
Drake
Ernesto
Diego
Kade
Vihaan
Blake
Marcel
Melvin
Ramon
Casey
Cain
Alfredo
Benjamin
Carson
Mauricio
Thomas
Jensen
Cole
Rey
Eithan
Jordy
Bjorn
Ishaan
Theo
Ryder
Zyon
Terrance
Walker
Jerry
Iker
Dalton
Paxton
Ledger
Neil
Emerson
Tadeo
Mitchell
Gary
Damon
Kyng
Royal
Wilson
Stetson
Niko
Killian
Jonathan
Cash
Callum
Crosby
Waylon
Eliel
Flynn
Ares
Wesson
Kenny
Talon
Phoenix
Jesus
Callen
Tyson
Joziah
Ford
Allan
Moshe
Clayton
Kyro
Hassan
Lukas
Hugh
Forrest
Ray
Jayceon
Eithan
Keaton
Xavier
Archie
Quincy
Lucian
Nolan
Alexis
Simeon
Jacoby
Juelz
Jace
Albert
Kayden
Baylor
Melvin
Carson
Bridger
Adam
Lennox
Santiago
Jackson
Zaid
Eliseo
Jax
Chris
Layne
Marshall
Lincoln
Theo
Layton
Brendan
Hezekiah
Noah
Brantley
Salvador
Harlan
Emir
Kaiser
Jerome
Cayden
Gustavo
Dash
Felix
Kaiser
Hezekiah
Erick
Ruben
Jonas
Griffin
Luke
Pierce
Jax
Lian
Nathanael
Manuel
Griffin
Van
Ace
Kace
Paxton
Cade
Aaron
Jayden
Rodrigo
Justice
Koa
Major
Eduardo
Bear
Desmond
Kenzo
Maximo
Abram
Elisha
Philip
Tatum
Corey
Esteban
Nathaniel
Legend
Wallace
Benson
Nicolas
Onyx
Braylon
Jaxxon
Nasir
Cory
Louie
Royal
Jordan
Jericho
Abdullah
Quinn
Aryan
Phoenix
Santiago
Wade
Merrick
Ismael
Micah
Raul
London
Emir
Bentley
Misael
Dax
Quinn
Waylon
Dangelo
Kase
Adam
Aden
Ronan
Micah
Leland
Ignacio
Larry
Jesse
Aarav
Malachi
Harley
Felipe
Zachary
Avery
Bruno
Erick
Koda
Brennan
Sawyer
Marc
Dallas
Alvaro
Remi
Keenan
Erik
Cole
Ahmir
Ronald
Michael
Kade
Cairo
Cullen
Alexis
Francisco
Jovanni
Brentley
Shawn
Jonah
Atlas
Adriel
Miller
Brady
Damari
Jonah
Mathias
Jerry
Arthur
Moshe
Marcos
Tucker
Avery
Colt
Morgan
Cayson
Conrad
King
Ty
Judson
Allan
Corbin
Andy
Clay
Lincoln
Sean
Collin
Kyle
Soren
Kian
Cody
Azariah
Connor
Bruce
Tripp
Josue
Alonso
Zyon
Martin
Genesis
Franco
Julien
Jadiel
Wesley
Niklaus
Elisha
Sawyer
Otis
Titus
Kai
Omari
Ameer
Lance
Jonah
Esteban
Dakari
Emilio
Khalid
Jackson
London
Cade
Atreus
Emmett
Crosby
Julien
Arlo
Ariel
Zain
Jermaine
Duke
Ronnie
Ambrose
Kameron
Charlie
Adrian
Miller
Landen
Isaias
David
Lochlan
Richard
Kane
Henrik
River
Julius
Atreus
Roy
Moises
Darius
Samir
Pedro
Aries
Raul
Colin
Ashton
Eden
Kairo
Leonard
Shepherd
Dennis
Wes
Kayden
Jaxon
Keaton
Finnegan
Aayan
Royce
Zion
Ellis
Tristian
Steven
Ariel
Samir
Kolton
Henry
Keaton
Ariel
Wallace
Rey
Thaddeus
Rory
Abdiel
Kole
Hezekiah
Derrick
Aziel
Kareem
Kyson
Carlos
Cyrus
John
Armando
Adonis
Raphael
Kamryn
Rocco
Andres
Charlie
Aarav
Tommy
Marshall
Frederick
Vincenzo
Saul
Colin
Grady
Jonah
Leandro
Louie
Desmond
Dakota
Elisha
Alijah
Jayden
Joseph
Leland
Watson
Kenneth
Cyrus
Arlo
Jordy
Legacy
Preston
Rudy
Julio
Koa
Paxton
Kendrick
Jaxen
Devon
Jaxson
Dhruv
Alfredo
Orion
Manuel
Maxwell
Arjun
Kaison
Derek
Wayne
Hassan
Dakota
Isaiah
Theo
Miguel
Mohamed
Heath
Hendrix
Raymond
Ray
King
Dash
Maxton
Branson
Wells
Morgan
Wayne
Stephen
Jorge
Anthony
Albert
Nelson
Kohen
Arlo
Ezekiel
Collin
Colin
Aziel
Drake
Cayson
Mohamed
Boden
Mauricio
Zahir
Sterling
Elijah
Marcus
Isaias
Jamie
Maximilian
Vincenzo
Kenny
Samuel
Gustavo
Moises
Adriel
Maximiliano
Harlem
Kelvin
Sawyer
Casey
Khalid
Azrael
Tony
Allen
Sonny
Kayson
Julian
Koa
Tomas
Thaddeus
Ernesto
Jamal
Edgar
Ethan
Maddox
Carson
Stetson
Kashton
Bode
Forest
Otis
Daxton
Will
Ray
Zavier
Jeffrey
Cash
Kamdyn
Barrett
Prince
Corey
Jonah
Spencer
Kolten
Keenan
Abdiel
Fernando
Kiaan
Mauricio
Nikolai
Crosby
Sebastian
Pierce
Brantley
Raymond
Waylon
Maximilian
Nicolas
Milan
Colten
Calvin
Judah
Melvin
Edgar
Leonel
Carter
George
Clyde
Mack
Mason
Allen
Jacob
Luka
Jameson
Jordy
Grey
Beckham
Wells
Lochlan
Casey
Seth
Leon
Vance
Rudy
Muhammad
Remi
Anders
Nikolas
Jedidiah
Kalel
Major
Jad
Lucas
Terrance
Kelvin
Wayne
Randy
Joziah
Dustin
River
Damian
Miguel
Cayson
Cason
Jude
Brody
Oliver
James
Leo
Otis
Ahmed
Simon
Emory
Dominic
Prince
Jayceon
Adriel
Dorian
Harvey
Bodhi
Brett
Titan
Layton
Sullivan
Kace
Alden
Malakai
Rex
Cassius
Connor
Kyree
Beckham
Zaiden
Rex
Lane
Kyng
Darian
Krew
Ermias
Nathaniel
Scott
Dexter
Giovanni
Rafael
Salvatore
Hudson
Dane
Donald
Ruben
Dillon
Kellen
Gianni
Reid
Bear
Stanley
Ronin
Lucca
Cassius
Lukas
Kohen
Saul
Jalen
Ashton
Gavin
Mario
Brody
Musa
Zander
Dangelo
Jesus
Mack
Keaton
Zion
Damian
Maximus
Vance
Clayton
Bode
Archer
Santana
Deacon
Cody
Jaime
Omari
Ermias
Canaan
Reese
Alec
Brock
Timothy
Gage
Titus
Lucian
Logan
Brixton
Solomon
Briggs
Drake
Arturo
Tru
Yousef
Mordechai
Aldo
Armando
Brayan
Cyrus
Axel
Maxim
Abram
Eliel
Maxton
Cody
Leon
Rowan
Israel
Gary
Legacy
Warren
Giovanni
Jensen
Adrien
Dariel
Tobias
Jeremiah
Adam
Riley
Reese
Denver
Kingsley
Blake
Vicente
Reyansh
Ezra
Calum
Clay
Kylan
Blaine
Carlos
Ezra
Russell
Maximiliano
Sullivan
Yahya
Hendrix
Arturo
Aziel
Brandon
Rhett
Finley
Victor
Kayden
Peyton
Kylan
James
Lennon
Jude
Ayden
Desmond
Luciano
Peter
Grayson
Matthew
Kiaan
Elliot
Alejandro
Nathanael
Elliott
Elliot
Aayan
Alan
Lennon
Alessandro
Ledger
Fisher
Bodhi
Jaxxon
Arturo
Adrien
Thomas
Kolton
Jermaine
Brayden
Oscar
Gianni
Sekani
Billy
Quentin
Lyle
Tyson
Antonio
Oakley
Jakob
Howard
Lee
Kyrie
Logan
Reece
Gael
Braylen
Lee
Ameer
Emmanuel
Terry
Houston
Abraham
Landen
Cohen
Zaid
Kane
Branson
Clayton
Paul
Asa
Fabian
William
Carlos
Jaxxon
Aarav
Darius
Damari
Elias
Dean
Deacon
Wes
Kason
Josue
Marc
Wilder
Houston
Malachi
Callan
Oakley
Leroy
Calum
Graham
Watson
Fox
Reid
Peter
Jesiah
King
Arlo
Oliver
Eden
Amari
Jace
Briggs
Joshua
Bowen
Kellan
Colt
Alexzander
Colten
Legacy
Layton
Javion
Conner
Franklin
Miller
Ryder
Dakari
Izaiah
Amari
Dax
Larry
Vincent
Dilan
Paxton
Dominik
Nikolas
Luciano
Damien
Wesson
Landon
Jagger
Maison
Jesiah
Kellan
Jericho
Nathaniel
Uriah
Kingsley
Van
Victor
Simeon
Sincere
Isaac
Maximilian
Milan
Nasir
Blaise
Dane
Jameson
Roman
Bryant
Kylo
Jett
Erik
Jaxx
Joe
Rome
Musa
Tristen
Daniel
Mekhi
Keegan
Tru
Corbin
Valentino
Allen
Marcel
Ayaan
Canaan
Layton
Thaddeus
Ridge
Remington
Kamdyn
Damian
Kobe
Gael
Cayson
Manuel
Rory
Easton
Branson
Vihaan
Maurice
Blaise
Edgar
Dylan
Luca
Ty
Jesse
Jesiah
Alberto
Rhett
Cassius
Kevin
Ramon
Marcelo
Dominick
Apollo
Yisroel
Denver
Bobby
Austin
Judah
Aarav
Rudy
Wesley
Alijah
Reid
Micah
Randy
Orlando
Clayton
Brendan
Maurice
Cullen
Franco
Ronnie
Kashton
Kevin
Kobe
Augustus
Colson
Yael
Maxton
Westin
Hassan
Kyree
Ezekiel
Leonard
Malakhi
Flynn
Hayes
Kayden
Greyson
Kairo
Ahmad
Casey
Ibrahim
Garrett
Wade
Cristian
Archie
Tadeo
Kane
Seven
Kingsley
Bruno
Cain
Declan
Pablo
Micah
Dakari
Gabriel
Leo
Brayan
Desmond
Crosby
Harry
Brian
Barrett
Alijah
Jasper
Toby
Kamryn
Wyatt
Brixton
Oakley
Cesar
Nico
Keith
Caiden
Jax
Korbin
Mordechai
Terry
Maison
Kaysen
Stone
Maximiliano
Harlan
Brentley
Griffin
Henrik
Ahmad
Mohammad
Derrick
Ari
Brayan
Miles
Kabir
Wallace
Rafael
Harley
Maxton
Adonis
Jamal
Fox
Keith
Jayden
Austin
Eric
Hendrix
Dillon
Stetson
Augustus
Nehemiah
Valentino
Roland
Eliel
Hugo
Donald
Will
Leandro
Tyson
Jay
Liam
Preston
Walker
Waylon
Zayden
Fletcher
Warren
Khalid
Peter
Rodney
Brody
Zahir
Cullen
Omari
Spencer
Reid
Oliver
Justin
Paxton
Eric
Davion
Colten
Jeffrey
Jaxen
Dante
Alessandro
Esteban
Dexter
Jesiah
Emiliano
Tanner
Tyler
Clay
Aiden
Wade
Cayson
Paul
Nova
Eliel
Reese
Lachlan
Anderson
Keegan
Rudy
Beckett
Dalton
Alden
Legacy
Arthur
Gael
Foster
Walker
Vihaan
Raphael
Bronson
Moshe
Nasir
Pedro
Oakley
Royal
Oakley
Zaiden
Talon
Yousef
Seven
Bryant
Jefferson
Winston
Yahya
Drew
Zayden
Leighton
Daxton
Leonardo
Luca
Maison
Bronson
Jaxx
Jordy
Beckham
Amari
Koa
Kye
Allan
Azariah
Chris
Avery
Kairo
Tadeo
Ruben
Niko
Maison
Sergio
Caleb
Kamdyn
Tony
Alejandro
Jovanni
Sterling
Parker
Tristan
Justice
Shiloh
Brayden
Braden
Matthew
Memphis
Zayden
Jaziel
Rome
Zaiden
Carlos
Jase
Braydon
Niko
Jaxx
Langston
Tripp
Thomas
Otis
Bryson
Colin
Ronald
Jimmy
Jakari
Zechariah
Jamie
Jayceon
Kohen
Jaxen
Roman
Devin
Casey
Briar
Kabir
Anakin
Manuel
Brantley
Yadiel
Caspian
Royal
Marcos
Karter
Silas
Kyson
Damari
Nash
Weston
Kaiser
Pierce
Jack
Jakob
Memphis
Matteo
Stephen
Carter
Nehemiah
Jon
Tatum
Kole
Brendan
Aryan
Nathaniel
Evan
Arlo
Ambrose
Ignacio
Franklin
Brantley
Wallace
Callen
Charlie
Briar
Beckham
Dallas
Carter
Demetrius
Shane
Kaysen
Briggs
Colten
Forrest
Morgan
Keegan
Jadiel
Malakai
Abdiel
Marcus
Lionel
Armani
Joseph
Ashton
Enoch
Carmelo
Adrian
Salvador
Kairo
Ty
Charlie
Ulises
Dawson
Alberto
Simeon
Francis
Patrick
Stone
Yosef
Reign
Leroy
Lance
Cohen
Keenan
Atreus
Joaquin
Jonas
Valentin
Ellis
Shawn
Levi
Salvatore
Ahmir
Finnegan
Abraham
Chance
Zaire
Reuben
Malachi
Alexzander
Jamie
Joel
Colin
Kannon
Dakari
Gatlin
Layton
Ronin
Nelson
Brodie
Enoch
Kamdyn
Boone
Lionel
Niko
Kristian
Jedidiah
Deandre
Larry
Kylan
Kellan
Gregory
Camilo
Kayden
Trenton
Phoenix
Stetson
Maverick
Kaison
Shiloh
Conor
Andy
Alejandro
Axel
Dawson
Mateo
Xavier
Greyson
Lyle
Vincent
Joziah
Zaiden
Gerardo
Remington
Alexis
Jayson
Nova
Ahmad
Jamari
Hendrix
Xavier
Joel
Theodore
Tripp
Kashton
Cash
Carson
Matthias
Saint
Juelz
Roland
Demetrius
Bode
August
Bjorn
Leon
Jett
Cruz
Elian
Ronin
Boston
Ayaan
Ricky
Paul
Malik
Zayd
Bruce
Raul
Kace
Wyatt
Vivaan
Colten
Blake
Adrian
Brennan
Elian
Levi
Memphis
Tripp
Merrick
Daniel
Riley
Makai
Ephraim
Crosby
Clyde
Isaias
Brooks
Martin
Keaton
Sage
Luis
Dawson
Princeton
Diego
Kylo
Wilson
Tommy
Danny
Corey
Sonny
Mohamed
Erick
Emmanuel
Maverick
Holden
Santiago
Bronson
Kyrie
Levi
Kyrie
Yusuf
Dominik
Bo
Casen
Ambrose
Romeo
Omari
Theodore
Darwin
Calvin
Brady
Israel
Quentin
Garrett
Moshe
Cohen
Matteo
Karter
Drake
Braylon
Kyler
Ezequiel
Noe
Max
Talon
Jesiah
Dash
Nicolas
Grey
Mathew
Rylan
Maurice
Theo
Abel
Rowan
Orion
Madden
Axl
Kye
Thomas
Leonard
Kingston
Dominik
Jaylen
Alden
Ronan
Devon
Titus
Amari
Elijah
Kobe
Miguel
London
Flynn
Leonard
Nash
Zakai
Dylan
Asher
Jordy
Quinn
Manuel
Jamal
Eithan
Alejandro
Fox
Marshall
Bryson
King
Franco
Jaylen
Ryan
Raphael
Kylo
Jamie
Kieran
Lance
Rudy
Caden
Otto
Royal
Caden
Westin
Juelz
Moises
Sullivan
Blake
Baker
Joziah
Nelson
Erik
Wesson
Leon
Nicolas
Hudson
Foster
Kaiden
Ahmir
Mark
Augustus
Zahir
Ryder
Kamdyn
Callen
Saint
Philip
Alessandro
Elisha
Graham
Cruz
George
Julio
Bo
Kristian
Phoenix
Gregory
Aarav
Brayden
Tripp
Garrett
Chance
Kian
Abdullah
Hendrix
Jayceon
Kole
Jamie
Cullen
Ronin
Bode
Zyon
Bjorn
Koda
Mateo
Grayson
Eden
Cason
Ambrose
Harold
Khalil
Richard
Stone
Ace
Jose
Liam
Milan
Jaylen
Harlem
Allen
Keaton
Ayan
Alexis
Tommy
Johnny
Peyton
Vincenzo
Madden
Ayan
Morgan
Lincoln
Alfredo
Harlan
Matias
Jack
Axel
Abdullah
Apollo
Finnley
Anakin
Kingsley
Malachi
Xander
Mac
Ronnie
Kaison
Byron
Kenneth
Colton
Maximus
Kyree
Lennox
Theodore
Skyler
Brentley
Stetson
Rey
Isaac
Lawson
Brendan
Aarav
Ben
Sawyer
Carl
Forrest
Benjamin
Kylan
Gianni
Mark
Chaim
Bentley
Reign
Rodrigo
Valentino
Vihaan
Dakari
James
Huxley
Jay
Mac
Lionel
Idris
Asa
Yousef
Maximus
Nolan
Colson
Axel
Kye
Rory
Cyrus
Tucker
Spencer
Corey
Cannon
Gianni
Kace
Lachlan
Marvin
Ace
Noah
Maddox
Marcel
Harry
Jakob
Kody
Cody
Kaysen
Wesley
Archer
Johan
Luciano
Ibrahim
Nelson
Finn
Avery
Mathew
Tony
Christopher
Kyle
Beckett
Sage
Tru
Nixon
Brayden
Tripp
Mack
Ismael
Alfredo
Jake
Zaid
Dax
Legacy
Callan
Brentley
Deacon
Adriel
Kairo
Wells
Tyson
Maximo
Donovan
Braden
Hayes
Vicente
Rocky
Kieran
Greyson
Jesus
Rayden
Princeton
Thatcher
Wes
Gerald
Sawyer
Denver
Wallace
Dean
Kyng
Remington
Kayson
Bryant
Ismael
Maximo
Byron
Johan
Sekani
Keenan
Banks
Alessandro
Gatlin
Cristian
Yahya
Ephraim
Kieran
Atticus
Jack
Pierce
Brendan
Samuel
Ira
Santiago
Zahir
Kamdyn
Asher
Kameron
Seth
August
Samir
Mateo
Kaiden
Niklaus
Matteo
Carter
Darius
Frederick
Demetrius
Rylan
Sergio
Marquis
Leonel
Sawyer
Finn
Randy
Aldo
Casen
Quentin
Malachi
Theodore
Jeremiah
Gerald
Ishaan
Reed
Xander
Briar
Keenan
Travis
Kiaan
Drew
Billy
Emery
Foster
Darian
Brayden
Otis
Bridger
Ismael
Matthias
Ignacio
Ignacio
Ryan
Roland
Johan
Damari
Jakari
Mayson
Enrique
Sawyer
Ernesto
Nathaniel
Brady
Royal
Braylen
Caleb
Krew
Callum
Elliot
Brock
Layton
Maximiliano
Oliver
Jamie
Barrett
Phillip
Rex
Devin
Jakob
Carter
Mack
Giovanni
Walter
Nehemiah
Lance
Wilson
Saul
Terry
Brayan
Kingston
Howard
Gunnar
Jesiah
Matteo
Canaan
Azariah
Ezequiel
Brayden
Jorge
Flynn
Damon
Dominik
Stephen
Edgar
Ambrose
Davis
Raiden
Kasen
Finnley
Hayden
Frederick
Tucker
Aaron
Lochlan
Axl
Adrian
Kayden
Gordon
Izaiah
Madden
Jaxxon
Mac
Baylor
Caleb
Mateo
Leighton
Ariel
Kylen
Ryker
Boone
Hudson
Zayd
Roy
Quinton
Alonzo
Matteo
Jonah
Jared
Remi
Skyler
Anderson
Maison
Tomas
Brantley
Legacy
Allan
Thatcher
Walker
Stanley
Augustine
Wayne
Frank
Jackson
Tomas
Leroy
Jacoby
Dawson
Mohammed
Miles
Tate
Oakley
Cohen
Mauricio
Remy
Pierce
Jon
Legend
Kamryn
Killian
Marquis
Santana
Kyrie
Banks
Lane
Joe
Issac
Sonny
Cain
Maximus
Erick
Beckham
Killian
Reginald
Sean
Charlie
Brendan
Marshall
Ian
Braden
Rafael
Zakai
Matthias
Omari
Keenan
Ephraim
Yahya
Rylan
Skyler
Jamal
Kylian
Noe
Matthias
Emmitt
Nehemiah
Jace
Wayne
Conrad
Jaxton
Andre
Ledger
River
Messiah
Maverick
Moises
Jaxson
Moses
Dilan
Jaime
Caiden
Rocky
Isaac
Casey
Eddie
Ryder
Kade
Kayden
Lawson
Asher
Aydin
Ryland
Leonard
Marcel
Tucker
Emmitt
Asher
Sebastian
Jaziel
Armani
Tate
Jackson
Iker
Raylan
Jeremy
Jamie
Nova
Rey
Johan
Enoch
Jabari
Charles
Alec
Adrien
Messiah
Lionel
Tony
Leroy
Danny
Kenneth
Moses
Drake
Huxley
Daniel
Phoenix
Gideon
Jacoby
Cruz
Austin
Aarav
Jayden
Musa
Quinton
Giovanni
Sage
Omari
Dalton
Fernando
Zayden
Camden
Vincenzo
Neil
Pedro
Jayson
Musa
Jason
Jensen
Diego
Bennett
Brayden
Leonel
Bennett
Archie
Diego
Talon
Anthony
Tripp
Jayce
Cory
Junior
Alfonso
Blaine
Thatcher
Angelo
Enoch
Clark
Lochlan
Hugh
Javion
Bentlee
Maximiliano
Hayes
Kyle
Luciano
Remi
Adan
Anders
Jagger
Byron
Brayan
Caden
Messiah
Harold
Raiden
Remi
Jeffrey
Sterling
Kace
Julien
Vincenzo
Jaylen
Adam
Richard
Callen
Miguel
Mack
Matteo
Edgar
Sekani
Lance
Canaan
Nixon
Donovan
Ibrahim
Emerson
Edison
Evan
Elian
Brooks
Adriel
Enrique
Conor
Denver
Brian
Layne
Salem
Gerald
Madden
Tate
Andres
Maxton
Emory
Karter
Guillermo
Korbin
Adriel
Luis
Derek
Will
Holden
Hayden
Alaric
Sean
Warren
Nathanael
Clay
Ishaan
Augustine
Alfredo
Apollo
Zayne
Josue
Dhruv
Boden
Silas
Cesar
Tucker
Watson
Dangelo
Roman
Hudson
Colin
Kaysen
Marcus
Wes
Zechariah
Marlon
Edwin
Enoch
Emiliano
Martin
Fabian
Ronnie
Remy
Nathaniel
Jared
Israel
Phillip
Conner
Emiliano
Garrett
Ayaan
Reece
Reese
Bronson
Bodie
Gabriel
Cain
Ahmed
Edison
Liam
Aaron
Eliel
Ronald
Khalil
Adan
Emiliano
Alexzander
Mohamed
Jermaine
Gary
Troy
Salvador
Elias
Elian
Creed
Branson
Kiaan
Damari
Ezra
Enrique
Prince
Ignacio
Colson
Miles
Ashton
Caiden
Braylon
Mylo
Cameron
Shiloh
Tucker
Fisher
Victor
Darius
Marcellus
Matthias
Caden
Maurice
Ronin
Tatum
Brandon
Axton
Reign
Raiden
Kace
Henry
Simeon
Finnley
Niklaus
Joey
Colter
Jeremy
Mason
Judson
David
Ethan
Otis
Alfredo
Saul
Bruce
Vivaan
Chase
Kamari
Kolten
Cash
Vihaan
Bobby
Ahmir
Colton
Miller
Gregory
King
Chris
Rex
Cade
Eddie
Ryder
Dominik
Harley
Anders
Leo
Issac
Bjorn
Karter
Lee
Davion
Zakai
Emmitt
Arian
Kamryn
Brodie
Keaton
Kyson
Atlas
Gabriel
Grayson
Koa
Titan
Prince
Omar
Lennon
Dominick
Jesus
Cyrus
Axel
Randy
Toby
Bronson
Kenny
Bodhi
Howard
Kameron
Louie
Johnathan
Donovan
Kabir
Riley
Fabian
Gustavo
Wesson
Arthur
Lennox
Otis
Rayan
River
Kalel
Kamryn
Maddox
Connor
Finnley
Finnegan
Clay
Cristian
Fabian
Judson
Kyrie
Dhruv
Tomas
Gabriel
Jairo
Blaze
Cannon
Aron
Zayd
Ramon
Jakari
Aayan
Boston
Moshe
Ahmed
Axel
Kingsley
Keanu
Travis
Lucas
Augustine
Wade
Everett
Vivaan
Brendan
Beau
Foster
Ahmad
Wells
Alex
Phillip
Hezekiah
Nikolai
Curtis
Sergio
Emmanuel
George
Kolton
Noe
Bo
Dane
Rey
Jovanni
Raiden
Quinton
Wesson
Finnegan
Mathias
Blaine
Dorian
Thaddeus
Kannon
London
Jadiel
Marvin
Desmond
Eithan
Kyrie
Brian
Manuel
Colton
Mack
Edison
Hendrix
Joey
Baker
Jamal
Manuel
Frank
Lucas
Kamden
Mitchell
Joshua
Princeton
Maximo
Carter
Luis
Emmitt
Nasir
Bennett
Clayton
Kamryn
Kingsley
Raymond
Nelson
Zain
Philip
Lewis
Jason
Stetson
Joaquin
Alejandro
Derrick
Stanley
Brett
Ronald
Milo
Braydon
Milo
Douglas
Phoenix
Silas
George
Winston
Devin
Koa
Max
Santiago
Mohammed
Titus
Gage
Miller
Baker
Drake
Terrance
Ruben
Carmelo
Bryce
Kylen
Noah
Kohen
Messiah
Canaan
Reign
Lochlan
Timothy
Mohammad
Javion
Benicio
Karter
Maximo
Ty
Anthony
Cody
Levi
Ty
Colby
Johan
Saint
Luca
Kaison
Amir
Kamari
Conrad
Henry
Jay
Eliel
Deacon
Royal
Eddie
Zayne
Julio
Jesse
Javion
Emmett
Kye
Trevor
Mordechai
Evan
Guillermo
Jordan
Jamir
Trace
Forrest
Julian
Caspian
Marc
Raylan
Kane
Eli
Pedro
Ethan
Rex
Dante
Reyansh
Malcolm
Chaim
Talon
Yousef
Kenzo
Keith
Dominick
Gerald
Kevin
Matthew
Benjamin
Karter
Remi
Finnegan
Lucian
Layton
Yahya
Harrison
Eithan
Tyler
Hayden
Hudson
Kaison
Spencer
Jaziel
Jesus
Jamison
Graysen
Leon
Rory
Landen
Mason
Kylan
Brycen
Julien
Elijah
Vance
Jake
Marlon
Brodie
Keegan
Kyree
Graham
London
Enrique
Armando
Dominic
Prince
Maxim
Carlos
Phillip
Jeremias
Hank
Chandler
Valentino
Armando
Elias
Allan
Cristian
Jaxxon
Ruben
Gregory
Arian
Marcus
Edgar
Kade
Quinton
Allen
Otto
Jaiden
Paul
Andrew
Jett
Maxim
Liam
Rowan
Maxton
Noe
Thomas
Adrien
Nelson
Caiden
Kaiden
Nikolai
Kristopher
Rayan
Amos
William
Elian
Leandro
Kyler
Drew
Yahir
Salem
Tyson
Elijah
Aziel
Robert
Jeffrey
Kashton
Bryant
Sullivan
Emmanuel
Kian
Dominic
Gustavo
Jasiah
Joseph
Paul
Bronson
Carl
Ben
Foster
Oliver
Brock
Wilson
Nasir
Benjamin
Bryan
Magnus
Angelo
Bode
Antonio
Luke
Jayceon
Weston
Boston
Avery
Jairo
Ace
Nicholas
Esteban
Romeo
Hamza
Gage
Tatum
Lewis
Kyson
Rudy
Donald
Jaylen
Saint
Lyle
Cole
Zayne
Kyng
Rome
Jairo
David
Cory
Xavier
Lian
Salvatore
Jeffery
Zander
Emilio
Howard
Mohammad
Carson
Joey
Ashton
Alistair
Brodie
Douglas
Jimmy
Anthony
Hendrix
Callahan
Paul
Alonzo
Dayton
Cyrus
Jovanni
Luca
Edgar
Gianni
Brian
Declan
Briar
Camilo
Leon
Aziel
Hugo
Jason
Simeon
Harlan
Lennox
Ezra
Anson
Jordy
Rayden
Amari
Atlas
Terrance
Matthias
Cullen
Blaise
Bridger
Mohammad
Axel
Jameson
Noe
Kasen
Leroy
Aziel
Myles
Keanu
Amari
Harrison
Spencer
Walter
Charles
Kenny
Judson
Yusuf
Pedro
Jaziel
Kylan
Braxton
Damien
Gianni
Paxton
Aydin
Enrique
Bennett
Mordechai
Anders
Grady
Hendrix
Tate
Aden
Logan
Maxton
Jay
Dariel
Emilio
Daniel
Fletcher
Tristan
Hezekiah
Leon
Wes
Hendrix
Patrick
Rohan
Harrison
Magnus
Theo
Marcus
Tanner
Memphis
Randy
Desmond
Alberto
Leland
Judson
Ares
Callen
Callahan
Brodie
Marlon
Maximo
Forrest
Dalton
Colt
Kieran
Mohammad
Kareem
Anders
Bruce
Maximiliano
Porter
Joe
Magnus
Ariel
Prince
Rome
Dante
Orion
Keanu
Trevor
Jerry
Christian
Reyansh
Russell
Grey
Kannon
Nikolas
Dominic
Cairo
Quinn
Melvin
Chaim
Salvador
Amias
Blaze
Gavin
Augustine
Watson
Hamza
Maverick
Barrett
Kaysen
Trenton
Oakley
Tripp
Finn
Anthony
Jeremiah
Langston
Solomon
Grey
Gianni
Jamison
Ignacio
Finley
Ibrahim
Elisha
Jermaine
Foster
Larry
Adam
Kamden
Fisher
Blaine
Bruce
Messiah
Kylian
Watson
Roy
Emir
River
Romeo
Ahmir
Nash
Alejandro
Maxim
Otto
Victor
Raiden
Amias
Callahan
Landen
Yahya
Clay
Skyler
Judah
Callan
Abdullah
Alfred
Ryker
Joshua
Gianni
Eddie
Declan
Cannon
Morgan
Bentley
Brock
Derek
Emerson
Dakari
Bruce
David
Bjorn
Khari
Ford
Stetson
Jaxen
Jamal
Ethan
Turner
Gage
Maximilian
Graham
Jovanni
Tyler
Jensen
Ronnie
Jeremiah
Kendrick
Westin
Marcos
Dominick
Ahmad
Emilio
Arthur
Marc
Felix
Rohan
Mason
Mohamed
Zane
Anderson
Khalid
Zayden
Devon
Ashton
Kingston
Khari
Rodrigo
Omar
Azariah
Emilio
Maximilian
Jayson
Axl
Aldo
Oscar
Antonio
Zaiden
Keegan
Aaron
Khalid
Marcel
Rayden
Elias
Will
Dario
Isaiah
Jonathan
Bridger
Flynn
Bryce
Curtis
Wayne
Carl
Yosef
Ryan
Cohen
Parker
Eugene
Maverick
Cameron
Corbin
Vincent
Aryan
Bryant
Emmett
Thomas
Demetrius
Malcolm
Albert
Jermaine
Troy
Vincent
Alexis
Dustin
Layton
Patrick
Dash
Kaison
Colson
Maximiliano
Stanley
Gunnar
Davion
Donald
Maxwell
Jericho
Clyde
Conner
Rhys
Nikolai
Derek
Fox
Maddox
Nikolas
Huxley
Rowan
Ricky
Ellis
David
Braydon
Prince
Lincoln
Maxim
Fabian
Ezekiel
Wilson
Jacob
Maxim
Valentin
Baker
Philip
Danny
Joseph
Bronson
Justice
Lawson
Alexzander
Watson
Wesson
Edwin
Braxton
Ishaan
Ford
Cory
Davis
Mathew
Alvin
Alvaro
Juelz
Malakhi
Derek
Scott
Romeo
Legacy
Colby
Maximus
Jaxx
Grady
Julio
Leonard
Makai
Luciano
Jeremias
Joel
Kannon
Kane
Alan
Alec
Jayson
Duke
Riley
Eden
Zion
Pablo
Jairo
Lee
Maxim
Alex
Greyson
Emery
Jeremiah
Harlan
Talon
Rowen
Daxton
Kamden
Yehuda
Saint
Eli
Bear
Johnathan
Connor
Kyson
Ambrose
Kenneth
Bryant
Emery
Jaxon
Tyson
Jose
Kolten
Jude
Gerardo
Marvin
Tony
Prince
Rocco
Lucas
Marco
Jordan
Koa
Rylan
Luis
Gatlin
Danny
Joshua
Neil
Ariel
Corbin
Landen
Kenneth
Fletcher
Eithan
Kace
Kamden
Felix
Donald
Randy
Hezekiah
Judah
Bodie
Orlando
Jerry
Rocky
Dylan
Ivan
Salem
Marcel
Rex
Reuben
Ulises
Forest
Maximo
Robert
Jeremiah
Mateo
Edison
Giovanni
Clark
Madden
Caden
Jalen
Winston
Byron
Emery
Gunner
Moises
Donald
Malakai
Anthony
Marshall
Kamdyn
Hunter
Albert
Lyle
Reese
Noah
Sylas
Barrett
Calvin
Cameron
Sullivan
Seven
Langston
Matteo
Douglas
Rylan
Braylen
Ira
Jared
Rey
Sean
Royal
Shiloh
Jalen
Warren
Carter
Solomon
Ledger
Gunnar
Mac
Jesse
Westin
Odin
Misael
Damian
Kaiser
Jericho
Elias
Simeon
Musa
Alex
Xzavier
Cyrus
Colten
Bentlee
Apollo
Dallas
Sterling
Lian
Watson
Brett
Emerson
Brandon
Tony
Reece
Ricardo
Elias
Harley
Layton
Axl
Blake
Kace
Jad
Santino
Hugh
Mayson
Tristen
Trent
Axton
Kolten
Sam
Braylen
Cory
Oliver
Vincent
Brodie
Grant
Abram
Malakai
Drew
Anakin
Yadiel
Romeo
Preston
Howard
Lyle
Mark
Cory
Alvin
Andrew
Thomas
Remington
Sam
Kellan
Kenneth
Genesis
Lukas
Kyle
Nico
Kristopher
Mekhi
Adan
Reign
Remi
Alfonso
Parker
Joaquin
Cannon
Joaquin
Joseph
Angel
Ibrahim
Derek
Kenny
Luciano
Emery
Aziel
Sincere
Kameron
Edison
Arjun
Maximo
Braylon
Madden
Hayden
Julian
Kohen
Jayce
Magnus
Dilan
Edwin
Roman
Cody
Pablo
Ronan
Roland
Jonathan
Finnley
Demetrius
Joe
Yahya
Caspian
Jaziel
Langston
Remy
Koda
Kyrie
Giovanni
Koa
Charles
Francisco
Shiloh
Rohan
Terry
Thomas
Jeffrey
Liam
Anthony
Reed
Sawyer
Trenton
Kellen
Cameron
Gage
Walker
Julius
Quentin
Melvin
Kenneth
Ray
Sutton
Esteban
Nathanael
Caspian
Niklaus
Zyaire
Keanu
Jaxxon
Gunnar
Sincere
Emery
Harlan
Luis
Harley
Arlo
Cayson
Marcos
Jett
Otto
Victor
Landry
Jacoby
Warren
Alonzo
Mekhi
Reuben
Joaquin
Kaison
Ricardo
Major
Gary
Eithan
Joziah
Lincoln
Emmett
Michael
Zavier
Eli
Wells
Eithan
Mack
Jedidiah
Miller
Sage
Azrael
Raphael
Ignacio
Anthony
Malakai
Carter
Arian
Francis
Mayson
Maximiliano
Colt
Harlem
Joaquin
Jedidiah
Malakai
Royce
Matteo
Jon
Terrance
Ashton
Blaze
Tony
Jamari
Sincere
Samson
Marco
Jeffery
Emery
Ahmad
Case
Zayd
Julio
Cassius
Bradley
Nicolas
Jaxxon
Huxley
Warren
Jordy
Lochlan
Callahan
Eithan
Ridge
Max
Hugh
Issac
Rex
Angel
Hamza
Adriel
Magnus
Terrance
Ali
Braylen
Donald
Finley
Emanuel
Logan
Rodney
Zayden
Mekhi
Owen
Avery
Barrett
Harold
Peter
Tate
Langston
Lane
Ethan
Louis
Kobe
Anson
Jeffrey
James
Manuel
Frederick
Bryant
Cade
Odin
Thomas
Calum
Angelo
Philip
Aydin
Mateo
Ezekiel
Morgan
Leighton
Bode
Rayden
Riley
Keanu
Blaze
Cesar
Hector
Maurice
Justin
Theo
Pablo
Wilson
Hendrix
Marc
Neil
Bryant
Romeo
Bear
Jesse
Leonardo
Oscar
Simeon
Sonny
Sage
Cody
Callen
Maximus
Dennis
Clyde
Fisher
Kyng
Matias
Braylen
Cairo
Sebastian
Jay
Dax
Roy
Archie
Jairo
Moshe
Ishaan
Zahir
Cade
Winston
Garrett
Legend
Kade
Valentino
Bear
Colby
Tyler
Fabian
Jamison
Victor
Blake
Nicholas
Dawson
Samuel
Jude
Ira
Frederick
Brock
Eugene
Zaid
Soren
Desmond
Kian
Johnathan
Yahya
Donovan
Bronson
Troy
Brett
Sullivan
Ben
Ishaan
Landon
Clay
Layne
Clark
Gael
Joaquin
Casey
Mordechai
Maximiliano
Timothy
Sebastian
Mario
Vicente
Elisha
Harry
Mathew
Patrick
Alfonso
Will
Atlas
Kendrick
Braden
Blaine
Joshua
Eddie
Thaddeus
Ezra
Chris
Ezekiel
Kyle
Tristen
Callen
Gunner
Alijah
Dennis
Magnus
Kingsley
Sterling
Cayden
Gunner
Graham
Reid
Genesis
Alvaro
Finn
Rey
Cooper
Shawn
Bowen
Francis
Kaiser
Jordan
Leonard
Jalen
Yosef
Alfonso
Aarav
Mack
Tatum
Sebastian
Fletcher
Cody
Malakai
Marquis
Jackson
Carson
Kaiden
Seth
Brayden
Rohan
Zaid
Sebastian
Solomon
Luke
Ryker
Kaysen
Malachi
Noe
Santino
Lorenzo
Fernando
Princeton
Dalton
Chase
Major
Jagger
Baylor
Magnus
Peyton
Valentin
Evan
Justin
Chaim
Michael
Lane
Ellis
Damon
Dangelo
Chance
Elisha
Brandon
Ian
Marvin
Brett
Leighton
Landyn
Maddox
Rey
Bode
Roman
Malakhi
Genesis
Justice
Danny
Nehemiah
Stetson
Hugo
Musa
Malcolm
Eliseo
Jonas
Trace
Miguel
Kai
Ulises
Andres
Cory
Tobias
Stone
Calum
Joey
Aries
Jericho
David
Jermaine
Cash
Emiliano
David
Ahmir
Israel
Moshe
Matias
Apollo
Canaan
Beckett
Pierce
Fernando
Issac
Roman
Gael
Seth
Gary
Mustafa
Logan
Kyson
Dustin
Ellis
Phillip
Ty
Leonardo
Douglas
Mark
Zane
Charles
Charlie
Mekhi
Seven
Shepherd
Ezekiel
Brixton
Bobby
Travis
Makai
Kaysen
Felix
Barrett
Moises
Ronnie
Lance
Abdullah
Ryker
Phillip
Leonardo
Elijah
Keith
Andy
Elian
Jamison
Declan
Hunter
Maxim
Logan
Rhys
Krew
Cooper
Donald
Ray
Lorenzo
Kody
Arlo
Roland
Bentlee
Declan
Zain
Adriel
Wayne
Lionel
Maxton
Marcos
Pierce
Jerry
Giovanni
Tatum
Fisher
Rylan
Aryan
Bodhi
Marvin
Marcelo
Jake
Graysen
King
Toby
Jermaine
Jared
Stanley
Kamden
Jayson
Camilo
Kobe
Rayan
Ares
Dominik
Atreus
Luke
Talon
Gerald
Lucas
Krew
Zaire
Aldo
Valentin
Caiden
Desmond
Lennon
Arjun
Tyler
Parker
Karter
Clyde
Bronson
Gage
Kyng
Holden
Atreus
Vance
Baker
Jaziel
Fabian
Boden
Kameron
Mac
Seth
Darren
Van
Malakhi
Alexis
Ronan
Brock
Douglas
Chance
Blaise
Madden
Tadeo
Yahya
Jonas
Pedro
Marcel
Jamal
Wayne
Jorge
Peter
Kyree
Koda
Kylian
Davis
Apollo
Kobe
Avery
Corbin
Carlos
Apollo
Malachi
Daxton
Kiaan
Emerson
Jensen
Jace
Carmelo
Finley
Jaxx
Zavier
Lawrence
Rowan
Zaiden
Castiel
Alexis
Ivan
Dash
Boston
Bryan
Royce
Connor
Ashton
Dalton
Abram
Kobe
Conrad
Omar
Dominik
Crew
Alonso
Nasir
Tristian
Salvatore
Ahmir
Ayan
Ronan
Emilio
Jalen
Asa
Vicente
Colt
Yousef
Rory
Blaine
Messiah
James
Prince
Azariah
Julio
Ayaan
Kobe
Eden
Heath
Arjun
Tristen
Evan
Kyle
Andrew
Kylan
Harlem
Mohammed
Sean
Dallas
Aryan
Ezekiel
Conner
Everett
Khalil
Vihaan
Anakin
Stephen
Jasiah
Aarav
Rey
Jose
Luca
Layton
Yusuf
Ledger
Yousef
Houston
Major
Colson
Caspian
Ali
Messiah
Keith
Ryder
Kody
Jeffery
Lyle
Roland
Vivaan
Kolten
Lachlan
Spencer
Alexis
Jacoby
Maverick
Enzo
Raiden
Trace
Leon
Marlon
Gunner
Lennon
Victor
Matteo
Aron
Lance
Ambrose
Kristian
Daxton
Castiel
Bronson
Yusuf
Mordechai
Toby
Carlos
Jamison
Forest
Rohan
Titan
Anthony
Malachi
Jovanni
Cash
Maison
Trenton
Kyro
Rocky
Alfred
Raylan
Amos
Roland
Jadiel
Isaac
Tadeo
Tony
Justice
Arturo
Callen
Lawson
Jett
Baker
Gael
Vincenzo
Muhammad
Dario
Augustus
Colson
Mathias
Hudson
Creed
Jalen
Forrest
Chance
Lucas
Heath
Brentley
Rocco
Kai
Maxton
Karter
Tommy
Leighton
Kristopher
Jacoby
Bellamy
Lyle
Kade
Gianni
Jamir
River
Samson
Kyro
Israel
Elliot
Shiloh
Javier
Malachi
Jaxson
Mayson
Owen
Drew
Aidan
Richard
Landen
Atreus
Maurice
Marco
Zayden
Clyde
Kylan
Gary
King
Niko
Peter
Franklin
Zain
Legend
Chandler
Zain
Wesley
Reyansh
Gianni
Kareem
Rowen
Luca
Aldo
Sutton
Braden
Alexis
Darian
Nolan
Knox
Harry
Harold
Adrian
Jayce
Francis
Kye
Dash
Vincenzo
Tomas
Alden
Bode
Malakai
Vivaan
Hassan
Justice
Samuel
Ryker
Kai
Keanu
Yisroel
Jamie
Kody
Gregory
Quentin
Peyton
Douglas
Arlo
Bruce
Elian
Tobias
Houston
Emilio
Ronan
Lucian
Timothy
Jon
Marcos
Marcellus
Dominik
Derrick
Camilo
Fletcher
Casey
Kye
Kaiden
Keanu
Nixon
Cohen
Franco
Asher
Santos
Hunter
Kody
Ivan
Jagger
Junior
Kylo
Valentin
Marcellus
Hank
Jayce
Maximo
Ryker
Kashton
Maxim
Waylon
Kylan
Kiaan
Kash
Briar
Harlan
Dominick
Mauricio
Frederick
Jaxx
Toby
Wyatt
Rudy
Jaxxon
Brantley
Eliel
Zavier
Jeffrey
Mario
Xander
Angelo
Anderson
Kiaan
Korbin
Paxton
Zavier
Mohammad
Ulises
Kalel
Langston
Morgan
Jase
Allen
Jamie
Westin
Jaden
Elliott
Eugene
Zayne
Marcel
Winston
Jaylen
Aaron
Lennox
Kyle
Leo
Reese
Yusuf
Gabriel
Andres
Philip
Andre
Kolton
Gunnar
Sterling
Maximus
Marcos
Kaiser
Braylon
Landry
Asa
Marcellus
Judson
Briggs
Aldo
Sam
Harlan
Messiah
Lennox
Raymond
Arturo
Alexander
Vihaan
Conner
Alonzo
Fisher
Holden
Darian
Misael
Orion
Jasiah
Jermaine
Tripp
Banks
Jeffery
Johnny
Ezra
Frederick
Lorenzo
Trenton
Armani
Frederick
Brian
Brody
Beckett
Kody
Ronald
Ivan
Maximilian
Clay
August
Clay
Dominic
Atlas
Maximo
Eithan
Brentley
Devon
Graham
Drew
Seth
Weston
Ahmir
Jacob
Juan
Jadiel
Cason
Hassan
Cyrus
Brooks
Gustavo
King
Musa
Brennan
Maverick
Korbin
Marshall
Aden
Trevor
Bear
Koda
Zechariah
Edward
Kash
Titan
Marcos
Wells
Briggs
Danny
Mathias
Carmelo
Reginald
Mayson
Hezekiah
Weston
Fernando
Ronald
Odin
Jeffrey
Sutton
William
Kolton
Darian
Damon
Karson
Gary
Angelo
Musa
Seth
Adam
Collin
Louie
Derrick
Rodrigo
Emanuel
Kingston
Daniel
Valentin
Idris
Ismael
Blaine
Bobby
Jaxxon
Blaze
Justice
Apollo
Lucian
Otis
David
Cory
Jett
Yahya
Malakai
Aarav
Giovanni
Kai
Bo
Anthony
Emery
Cristian
Robert
Dakota
Cullen
Isaiah
Sebastian
Dallas
Stetson
Chris
Jasiah
Caleb
Davion
Declan
Houston
Griffin
Zayden
Jabari
Eugene
James
Messiah
Callahan
Cameron
Canaan
Cash
Benicio
Darwin
Nico
Axton
Wallace
Barrett
Mohammad
Henry
Legend
Bryant
Riley
Sawyer
Martin
Kade
Dominick
Westley
Micah
Kace
Casey
Leroy
Brodie
Kingsley
Juan
Saul
Quentin
Micah
Wade
Quincy
Isaac
Nathanael
Weston
Callen
Tyler
Matthias
Marc
Roman
Billy
Nasir
Emir
Miller
Omari
Oakley
Maxim
Arthur
Emery
Edward
Alijah
Walker
Wes
Caiden
Ambrose
Ernesto
Cruz
Santos
Rodney
Emiliano
Reuben
Jamir
Salvatore
Creed
Braydon
Ricky
Julian
Henrik
Curtis
Donald
Moses
Eliel
Hezekiah
Aiden
Darian
Gerardo
River
Alvaro
Hendrix
Davion
Cyrus
Tadeo
Judah
Gerardo
Wilder
Makai
Zyon
Jayceon
Michael
Kylian
Dallas
Jaylen
Saul
Genesis
Cristian
Oliver
Juelz
Frank
Junior
Manuel
Axton
Tristan
Jaxx
Malachi
Bellamy
Jordy
Kaleb
Vance
Rome
Benjamin
Alan
Terrance
Kenzo
Mohamed
Bowen
Ari
Gavin
Larry
Billy
Griffin
Isaias
Kristian
Noe
Dylan
Santino
Michael
Brandon
Nathanael
Maverick
Kaden
Nathaniel
Remington
Heath
Jaxson
Allen
Yosef
Larry
Danny
Remi
Zyon
Devin
Oscar
Alejandro
Canaan
Leo
Allan
Edward
Phoenix
Ishaan
Jeremias
Jedidiah
Colt
Adan
Abdiel
Yosef
Samir
Abraham
Jose
Porter
Oakley
David
Jameson
Ryan
Derek
Lane
Bryce
Connor
Evan
Bryan
Jefferson
Gavin
Damian
Oscar
Jackson
Boston
Keanu
Ares
Legend
Niklaus
Damian
Enoch
Carson
Finn
Joziah
Axton
Nathanael
Morgan
Ellis
Arturo
Kenny
Sergio
Kyrie
Henrik
Kellen
Walker
Jesus
Anthony
Gatlin
Ephraim
Joshua
Jadiel
Phoenix
Andres
Jalen
Sergio
Adrian
Judson
Silas
Louie
Moises
Ezequiel
Kalel
Krew
Judah
Case
Derrick
Benjamin
Cassius
Kamden
Jaxson
Asher
Maison
Derek
Carmelo
Wilson
Quinton
Kaleb
Landen
Kylan
Landyn
Koda
Ari
Daxton
Ellis
Scott
Brecken
Sylas
Van
Jack
Mason
Kasen
Stephen
Ameer
Shepherd
Ibrahim
Kolten
Shepherd
Ali
Fisher
Mathias
Landyn
Malcolm
Legend
Sylas
Axl
Mohamed
Damian
Conrad
Denver
Kingsley
Zachary
Adam
Harlan
Jared
Kaysen
Kyrie
Onyx
Cohen
Richard
Armando
Parker
Howard
Cameron
Kason
Cooper
Morgan
Marcus
Bronson
Rowen
Augustine
Dustin
Devon
Declan
Maximo
Bryant
Remington
Griffin
Louis
Hamza
Colson
Brayden
Nathaniel
Kole
Eddie
Matteo
Ronan
Titan
Cory
Samir
Kolten
Sonny
Kade
Maverick
Tony
Ayan
Solomon
Wade
Rhett
Reign
Ahmir
Yosef
Roland
Skyler
Bobby
Westin
Emmanuel
Griffin
Cody
Zane
Jaxon
Dalton
Korbin
Kane
Dean
Fox
Harvey
Lorenzo
Theodore
Seth
Emmitt
Aries
Julio
Sincere
Elisha
Griffin
Creed
Jimmy
Michael
George
Xander
Brantley
Hayden
Westley
Anson
Gregory
Rodrigo
Talon
Hamza
Jagger
Wesson
Augustine
Landon
Colin
John
Kayson
Blaise
Blaise
Tru
Ezra
Westin
Emanuel
James
Luke
Timothy
Francisco
Landon
London
Antonio
Lyle
Luka
Fisher
Alessandro
Jericho
Yadiel
Milo
Solomon
Amos
Carter
Jeffery
Vihaan
Dorian
Darius
Moises
Dominik
Frank
Jaxx
Giovanni
Garrett
Axton
Beckett
Bryson
Fox
Jabari
Braylen
Myles
Leonard
Kylan
Jaylen
Matias
Wilson
Dax
Carson
Lachlan
Salvatore
Clayton
Hayden
Rowen
Neil
Jayson
Rex
Hamza
Denver
Zander
Omar
Ira
Tyson
Carson
Shiloh
Elijah
Gerald
Chance
Salvatore
Eliseo
Darius
Wayne
Josiah
Jack
Jaxx
Arlo
Esteban
Dante
Mohammed
Kian
Yehuda
Memphis
Kylian
Krew
Aydin
Jorge
Sage
Rafael
Angel
Kenzo
Wilson
Abel
Colson
Leighton
Banks
Rodney
Flynn
Holden
Alessandro
Easton
Fisher
Camilo
Brecken
Lennon
Kohen
Emir
Alexander
Gary
Kamdyn
Zaid
Bruce
Trevor
Mohammed
Tatum
Zachariah
Stanley
Royal
Rudy
Lyle
Major
Aron
Edward
Sergio
Genesis
Bode
Enoch
Bryson
Riley
Liam
Bentley
Edward
Cash
Zahir
Elian
Tristian
Finn
Conner
Wesson
Lorenzo
Barrett
Armando
Nicholas
Alfred
Ismael
Walker
Elliott
Otis
Ezekiel
Finnley
Angelo
Westley
Amari
Moises
Hank
Jonas
Stephen
Asa
Zion
Reuben
Shiloh
Grayson
Killian
Tyson
Mayson
Kyro
Kamari
Emilio
Ford
Danny
Tatum
Toby
Musa
Remi
Yahya
Blaise
Jake
Omar
Roland
Nasir
Brendan
Mac
Major
Felipe
Rohan
Kyson
Ronan
Kai
Eugene
Davion
Lorenzo
Nelson
Lachlan
Fabian
Cannon
Toby
Jaxen
Marcellus
Onyx
Kamari
Reuben
Maxton
Jimmy
Bentlee
Killian
Tommy
Legend
Marcel
Harlan
Jericho
Frank
Bentley
Atlas
John
Khalil
Blaise
Jameson
Dhruv
Ares
Danny
Wyatt
Darius
Turner
Ismael
Brentley
Aidan
Langston
Keegan
Silas
Gael
Kian
Rocky
Alonzo
Mac
Avery
Nathaniel
Wes
Preston
Theo
Kohen
Jefferson
Leandro
Keanu
Alonzo
Elijah
Yosef
Paxton
Kyle
Ty
Alvaro
Riley
Corbin
Wallace
Ignacio
Christian
Bridger
Miles
Troy
Dariel
Phoenix
Archer
Kannon
Jon
Cody
Vihaan
Arjun
Raiden
Toby
Ryan
Noe
Callan
Maxim
Adam
Wyatt
Layton
Shane
Jeffrey
Darren
Hudson
Erick
Wells
Banks
Connor
Trey
Leon
Bo
Jesiah
Otis
Niko
Max
Kylo
Emiliano
Cason
Myles
Gerardo
Alaric
Jax
Samir
Boden
Royal
Nelson
Hendrix
Nathan
Max
Alfred
Will
Junior
Lucian
Joe
Wilder
Mathew
Houston
Vincenzo
Hank
Parker
Chance
Atreus
Silas
Nash
Saint
Jesiah
Kamryn
Bodhi
Boden
Salem
Robin
Talon
Jackson
Ray
Kylen
Vivaan
Isaias
Riley
Vincent
Archer
Ashton
Ryker
Ayaan
Benson
Creed
Kye
Muhammad
Brayan
Jonas
Seven
Zaiden
Marvin
Alberto
Santos
Branson
Alexander
Wesson
Harlem
Amos
Brodie
King
Bennett
Alexander
Theo
Aden
Maurice
Hugh
Cairo
Gerardo
Adam
Westin
Judah
Daniel
Ernesto
Lian
Shiloh
Bronson
Valentin
Lian
Guillermo
Nelson
Emanuel
Bryant
Mitchell
Yisroel
Clark
Mark
Demetrius
Jaxson
Isaiah
Maverick
Martin
Turner
Watson
Adrian
Dash
Mohammad
Brandon
Lionel
Louie
Jared
Erik
Ryan
Manuel
Bodie
Zayd
Dhruv
Jaxxon
Aryan
Sincere
Dean
Jacob
Idris
Jaxton
Troy
Jaziel
Diego
Onyx
Wes
Brycen
Niko
Stanley
Zechariah
Riley
Kenneth
Omari
Madden
Zavier
Keith
Musa
Reign
Houston
Reign
Deacon
Shepherd
Caspian
Clyde
Adriel
Dalton
Alden
Ivan
Gage
Bodie
Zayd
Shepherd
Benicio
Douglas
Dariel
Roy
Zaire
Jamal
Felipe
Ian
Axton
Miller
Jett
Sekani
Kye
Rodney
Koda
Ephraim
Xzavier
Luis
Jay
Alexzander
Ronan
Wells
Thiago
Maximus
Pablo
Zaid
Zaid
Atticus
Lian
Jeremy
Ibrahim
Princeton
Alfredo
Emiliano
Ryder
Dakota
Keaton
Lucca
Lukas
Aidan
Riley
Kohen
Ryker
Hudson
Jacob
Rowan
Kyree
Adrien
Maximiliano
Eduardo
Guillermo
Cole
Hank
Turner
Andy
Harley
Hugo
Mylo
Matias
Matthias
Manuel
Marcel
Keanu
Ari
Alexis
Cyrus
Isaias
Toby
Colin
Steven
Peter
Hugo
Marquis
Ariel
Callan
Howard
Arthur
Hezekiah
Rylan
Nathaniel
Shane
Aldo
Arlo
Bowen
Zeke
Rex
Lyle
Alec
Carson
Luciano
Zain
Alan
Solomon
Toby
Maison
Christopher
Arlo
Alden
Azariah
Cayson
Ephraim
Francis
Bode
Danny
Stephen
Aydin
Marcellus
Dario
Ari
Josue
Santiago
Alex
Elias
Kylan
Wallace
Roberto
Nathanael
Shiloh
Corbin
Rylan
Byron
Atreus
Aries
Josiah
Corbin
Atlas
Bodie
Guillermo
Beau
Fletcher
Micah
Bear
Kenneth
Augustus
Cason
Denver
Martin
Watson
Jacob
Angel
Gordon
Ryan
Axel
Adriel
Myles
Jeremias
Rayden
Watson
Ismael
Ulises
Jay
Sage
Emerson
Zaiden
Gunner
Gage
Marcus
Keanu
Cameron
Atreus
George
Aaron
Mohammed
Landyn
Weston
Dilan
Khalid
Barrett
Callum
Joel
Eithan
Kylian
Ramon
Louie
Davion
Gabriel
Cash
Franco
Hendrix
Alonso
Jude
Jimmy
Cristian
Quentin
Cameron
Rory
Jasper
Colson
Yahir
Ameer
Briggs
Myles
Blake
Angel
Clark
Callan
Reginald
Randy
Anakin
Callen
Junior
Apollo
Orion
Dominick
Blake
Quinton
Mathias
Princeton
Matteo
Jaiden
Rodney
Yusuf
Gideon
Caiden
Ishaan
Judah
Hassan
Zakai
Zahir
Vance
Elisha
Issac
Shawn
Cameron
Leroy
Jaxon
Kieran
Enrique
Santana
Zachariah
Peter
Jadiel
Jon
Sean
Bowen
Kabir
Blaise
Braylen
Zechariah
Kolton
Wyatt
Jett
Kannon
Casey
Mitchell
Kenneth
Kristopher
Samuel
Henry
Judah
Mauricio
Blaze
Ernesto
Abdiel
Andres
Rowan
Braydon
Oscar
Blake
Javier
Lorenzo
Lochlan
Abdullah
Lawson
Kaden
Landyn
Dominick
Phillip
Enzo
Aayan
Tristen
Juan
Fabian
Jorge
Lachlan
Malik
Adriel
Bennett
Ryland
Callen
Dane
Maxwell
Franco
Quinn
Kase
Zayd
Nathanael
Blaine
Amari
Kenny
Sean
Luis
Gunnar
Rayden
Kaysen
Dante
Nicholas
Jayden
Brantley
Crew
Beau
Madden
Dean
Finnley
Westin
Yousef
Ricardo
Miller
Mohammad
David
Sutton
Krew
Kaysen
Archer
Kaiser
Jaxson
Alejandro
Oliver
Kason
Gregory
Duke
Juan
Jamari
Elliot
Valentino
Salem
Arlo
Devin
Mohammed
Jerry
Chase
Kaison
Ermias
Malachi
Nikolai
Fletcher
Silas
Rex
Ismael
Layton
Joseph
Gary
Issac
Pablo
Bjorn
Maddox
Raiden
Angelo
Fernando
Jeremias
River
Alden
Curtis
Jeremias
Cade
Jesiah
River
Alberto
Alexander
Gregory
Zaiden
Kane
Billy
Fletcher
Brixton
Riley
Demetrius
Amias
Maximilian
Asa
Randy
Jayce
Kye
Bruno
Enrique
Brixton
Colin
Miguel
Van
Jesiah
Zain
Braydon
Juelz
Kaiser
Jerry
Jay
Leonardo
Zakai
Thatcher
Tucker
Franco
Julio
Hezekiah
Emerson
Marvin
Mack
Finnegan
Luka
Kylen
Madden
Reyansh
Rudy
Bradley
Leonardo
Andrew
Tatum
Jax
Spencer
Kolton
Lucas
Sekani
Thatcher
Donald
Ernesto
Kobe
Ezequiel
Michael
Ayan
Zayd
Orlando
Jay
Yosef
Leon
Isaias
Simon
August
Samir
Ibrahim
Sonny
Kabir
Ali
Ramon
Silas
Valentino
Albert
Skyler
Zayden
Aron
Yehuda
Koa
Lucca
Nathan
Felix
Carson
Miguel
Atreus
Bryant
Kamryn
Jeremias
August
Kevin
Conner
Moshe
Griffin
Steven
Nash
Arturo
Dustin
Gatlin
Brady
Emery
Cason
Romeo
Quinton
Arjun
Andres
Westley
Edwin
Omar
Maxwell
Devin
Saul
Josue
Rory
Jayson
Alonso
Sam
Griffin
Felix
Gary
Knox
Aidan
Mayson
Thomas
Camden
Luca
Bryant
Moshe
Dane
Jayceon
Devin
Orlando
Sterling
Jorge
Rhys
Jett
Milan
August
Aron
Alfred
Grady
Jerome
Larry
Izaiah
Guillermo
Blaine
Daniel
Enrique
Asa
Luca
Ali
Alonzo
Tripp
Cesar
Zander
Calvin
Davion
Ezequiel
Zaiden
Mathew
Brock
Arthur
Derrick
Castiel
Ermias
Ronin
Nicholas
Griffin
Mekhi
Adam
Ahmed
Ryker
Andy
Eliel
Houston
Paxton
Camilo
Clayton
Francis
Mustafa
Devin
Marc
Derek
Amos
Salem
Hayden
Harlan
Eddie
Lionel
Frederick
Kaysen
Francisco
Maison
Nash
Adrien
Jermaine
Miller
Banks
Ramon
Armani
Colson
Brixton
Saul
Peter
Ford
Rayden
Henrik
Joseph
Kyson
Kayson
Danny
Chandler
Kareem
Jesse
Johan
Jamir
Kolton
Henrik
Alonso
Royce
Jaxton
Kyng
Anders
Tristian
Leon
Santana
Asher
Richard
Maurice
Atticus
Darwin
Graysen
Justin
Kalel
Kash
Danny
Hank
Armani
Zain
Marcellus
Donovan
Maxwell
Oakley
Luciano
Moshe
Pierce
Heath
Jasper
Maddox
Brecken
Zion
Ari
Adam
Kelvin
Lewis
Isaias
Charles
Zayden
Crosby
Marcus
Kameron
Cyrus
Cade
Lochlan
Weston
Alvin
Julius
Simeon
Trey
Darius
Mohamed
Carson
Wells
Xavier
Gavin
Emir
Gunner
Dominick
Ephraim
Milo
Harvey
Santos
Lee
Salvatore
Benson
Alvin
Wilder
Leonard
Alessandro
Abel
Johnny
Rocco
Branson
Jermaine
Collin
Kellan
Howard
Jairo
Korbin
Elian
Jace
Rayan
Mohammad
Zavier
Moshe
Braylon
Zeke
Jeremiah
Robert
Atlas
Reece
Callahan
Mark
Jericho
Archie
Jakob
Isaiah
Beckett
Kash
Peyton
Zahir
Eliseo
Mordechai
Ace
Jace
Jayson
Bronson
Juelz
Jett
Juan
Allan
Kylan
Paxton
Beau
Luciano
Kameron
Donald
Jaime
Braden
Roman
Emery
Ryder
Jonathan
Kelvin
King
Sincere
Saul
Justin
Adam
Eduardo
Leonard
Kobe
Dakari
Ford
Zaire
Jaiden
Yisroel
Tomas
Theo
Patrick
Julien
Jorge
Kian
Jermaine
Seth
Ermias
Pedro
Brendan
Zander
Axton
Armani
Drew
Leroy
Waylon
Avery
Azrael
Joe
Braxton
Aiden
Nico
Kayden
Tadeo
Bryce
Rowen
Kamden
Heath
Sterling
Dylan
Santiago
Franco
Stephen
Aldo
Alaric
Judson
Christian
Kash
Matias
Kohen
Braydon
Ty
Ivan
Dario
Ernesto
Arthur
Nelson
Titus
Kenneth
Creed
Rafael
Brian
Cameron
Austin
Kyler
Eithan
August
Lionel
Bryan
Corbin
Bruno
Lance
Kaison
Kellan
Bode
Kylan
Gunner
Damari
Fabian
Bellamy
Kellen
Kyrie
Joseph
Francis
Angel
Uriel
Trevor
Manuel
Dorian
Declan
Sebastian
Dayton
Hezekiah
Spencer
Bellamy
Eliel
Albert
Shepherd
Orion
Asa
Reece
Casey
Hugo
Ayaan
Ace
Abram
Gerardo
Tripp
Andy
Kristian
Lawrence
Braxton
Elisha
Flynn
Jimmy
Salem
Zyon
Dakari
Russell
Keanu
Allan
Finnegan
Lance
Jeremiah
Tomas
Elijah
Ephraim
Ricky
Zavier
Terry
Kristian
Yehuda
Bentlee
Rome
Grey
Aidan
Jon
Luke
Remington
Junior
Barrett
Vivaan
Everett
Armani
Foster
Felix
Xavier
Seven
Cesar
Jimmy
Jaxson
Emir
Aden
Kohen
Nathaniel
Marcus
Reginald
Zayd
Makai
Santino
Louie
Hudson
Donovan
Ayan
Leighton
Dylan
Jude
Merrick
Salvatore
Bryan
Dean
Warren
Mohammad
London
Colt
Jericho
Mateo
Ricardo
Russell
Wells
Ira
Abram
Justice
Callan
Braxton
Leonardo
Vance
Tucker
Marlon
Solomon
Luis
Tate
Yadiel
Casen
Mateo
Otto
Eden
Josue
Evan
Kyree
Jairo
Davion
Royal
Ryland
Rex
Esteban
Ahmad
Darian
Ayan
Braylen
Jamison
Jon
Nico
Graham
Tobias
Eden
Noe
Jaiden
Ronald
Dakota
Angel
Gunner
Jaxson
Castiel
Jace
Onyx
Jase
Phoenix
Richard
Emilio
Onyx
Adriel
Solomon
Phillip
Jad
Kareem
Matteo
Genesis
Archie
Jon
Kenny
Crew
Fox
Eden
Ledger
Ismael
Jalen
Alex
Alvaro
Chaim
Julian
Azrael
Jaxson
Cameron
Danny
Brycen
Bryce
Talon
Ronald
Diego
Harrison
Johnathan
Wes
Beau
Franco
Otis
Rylan
Ari
Donovan
Gunnar
Byron
Reid
Jesus
Titan
Atreus
Damien
Malcolm
Idris
Douglas
Blaine
Mathias
Ishaan
Dario
Joel
Huxley
Jaime
Tucker
Turner
Layne
Larry
Allen
Zeke
Greyson
Rafael
Walker
Brayden
Jermaine
Vicente
Milo
Layne
Colten
Jett
Casen
Jon
Karter
Gary
Wallace
Nico
Valentin
Barrett
Mordechai
Mohamed
Merrick
Bowen
Jesse
Kenny
Devin
Roland
Sylas
Apollo
Knox
Raphael
Lucas
Ephraim
Royal
Davion
Jayden
Aron
Flynn
Carson
Dariel
Ricky
Malakai
Reece
Ty
Rafael
Dakota
Rafael
Josue
Aryan
Shane
Jeffery
Zaire
Damian
Zaire
Cesar
Dorian
Adrien
Tristian
Gerald
Andy
Malachi
Keith
Jude
Quinn
Marcos
Dario
Antonio
Alejandro
Kenneth
Walker
Rohan
Zayden
Leighton
Augustus
Lian
Gregory
Elliot
Howard
Malakai
Mekhi
Brentley
Cash
Jesse
Terry
Rylan
Sekani
Brian
Jose
Kylian
Chance
Kobe
Aarav
Dustin
Javion
Kolton
Emiliano
Rylan
John
Briggs
Santino
Makai
Henrik
Asa
Roland
Joseph
Skyler
Gunner
Noel
Reid
Blake
Landry
Benson
Brennan
Zachary
Kamdyn
Billy
Solomon
Bentlee
Atticus
Davis
Alex
Collin
Crosby
Aidan
Walter
Yehuda
Lawson
Luciano
Trace
Oscar
Jefferson
Legacy
Dallas
Jamir
Ronnie
Stefan
Sekani
Enzo
Bryce
Ahmir
Yosef
Rudy
Cameron
Jon
Spencer
Zayn
Josiah
Santino
Kai
Sebastian
Zaire
Alfonso
Jakari
Yahir
Brooks
Denver
Kai
Prince
Melvin
Callum
Jamal
Edison
Bryce
Leighton
Ezekiel
Kellan
Gustavo
Brayan
Creed
Alden
Tripp
Eddie
Leon
Dhruv
Albert
Rene
Rowen
Gavin
Zyaire
Max
Jake
Mack
Zavier
Jad
Quentin
Ares
Jaylen
Mohammed
Rory
London
Kyng
Moses
Kashton
Philip
Brecken
Colson
Clark
Cooper
Wesson
Mohammed
Devon
Jaxen
Juan
Jamal
Aidan
Ephraim
Enzo
Heath
Matthias
Ronin
Kason
Mohammad
Luke
Rowen
Abraham
Joe
Jasiah
Matthew
Zaire
Colson
Rome
Dakota
Asher
Julien
Axl
Turner
Gary
Sean
Pedro
Alberto
Zander
Erick
Atreus
Joe
Drew
Aden
Tyler
Manuel
Jayce
Kabir
Shawn
Kye
Ishaan
Ares
Carson
Ezequiel
Austin
Bentley
Warren
Mekhi
Arian
Malik
Ronin
Ryland
Gael
Augustus
Ezra
Jax
Jamal
Jabari
Jacob
Cayden
Jaxxon
Vance
Bruce
Izaiah
Alfredo
Ira
Marco
Jason
Kristopher
Carmelo
Amir
Douglas
Idris
Dario
Braxton
Jose
Xander
Ari
Malcolm
Dax
Westin
Case
Evan
Rylan
Remi
Jake
Hugh
Quinton
Hugh
Braxton
Legacy
Tommy
Dawson
Garrett
Dario
Khalid
Santino
Kobe
Maximo
Ethan
Keith
Creed
Jesse
Ishaan
Giovanni
Benson
Judah
Rene
Dhruv
Banks
Justin
Vivaan
Bobby
Riley
Kade
Peyton
Messiah
Emiliano
Nehemiah
Jamari
Hendrix
Joshua
Francisco
Nikolai
Andrew
Orion
Tobias
Emory
Malachi
Kevin
Maxim
Dustin
Castiel
Turner
Bodie
Thiago
Rowan
Roger
Landen
Brycen
Brantley
Lian
Paxton
Dario
Wilder
Rodney
Alfonso
Kian
Stone
Carson
Vincenzo
Tristan
Brecken
Braydon
Simeon
Matthias
Matthias
Aarav
Sebastian
Yisroel
Ronnie
Caden
Iker
Salem
Maximus
Sebastian
Orion
Dax
Joe
Luca
Gabriel
Aydin
Cade
Clay
Braylen
Sergio
Yousef
Mario
Frank
Charles
Cameron
Dillon
Marcellus
Cody
Noah
Brodie
Crew
Austin
Sekani
Jakari
Blaine
Cory
Julien
Emilio
Luke
Emmanuel
Samson
Finnegan
Parker
Liam
Donovan
Benicio
Ivan
Hendrix
Ty
Jake
Jaime
Taylor
Forest
Kendrick
Devin
Donovan
Jayson
Jericho
Maximiliano
Lincoln
Axl
Talon
Azrael
Benjamin
Wyatt
Niko
Jude
Conner
Carmelo
Lyle
Koa
Santana
Otis
Miles
Kristian
Cayson
Merrick
Orion
Zachary
Vihaan
Bronson
Reuben
Titus
Legacy
Tadeo
Abram
Miller
Cyrus
Lucian
Kian
Moises
Stefan
Elian
Dexter
Crosby
Tomas
Luciano
Cyrus
Sullivan
Zahir
Sean
Ibrahim
Reuben
Damon
Frederick
Vincenzo
Solomon
Fletcher
Rhys
Ryan
Jase
Valentin
Nehemiah
Jabari
Justice
Briggs
Luka
Zion
Hayes
Cullen
Ambrose
Uriah
Bo
Zachary
Jimmy
Liam
Mordechai
Noel
Roger
Rocky
Leonidas
Kamryn
Alfred
Westin
Nathanael
Alden
Eli
Carlos
Yahir
Jaxxon
Stefan
Ezequiel
Adonis
Jaxson
Brodie
Leighton
Damari
Miles
Sam
Archie
Israel
Shawn
Emmett
Ronnie
Grey
Dangelo
Fernando
Ayaan
Jacoby
Jasper
Maximo
Cayson
Killian
Brixton
Kody
Jay
Reece
Zayne
Rowen
Stefan
Jaxxon
Eithan
Enrique
Abram
Marshall
Harlan
Aziel
Valentin
Daniel
Daxton
Brendan
Bronson
Kevin
Memphis
Tristen
Zion
Liam
Matthew
Braydon
Austin
Kace
Joey
Justin
Otis
Dane
Asa
Milo
Bradley
Gunner
Callahan
Forrest
Lucian
Cain
Ulises
Colson
Ace
Waylon
Banks
Omar
Amias
Jay
Gianni
Omari
Finley
Kaiden
Crew
Archie
Lincoln
Jerome
Dean
Scott
Eliseo
Declan
Mark
Damian
Brodie
Kai
Warren
Jesse
Kareem
Grady
Alfonso
Alijah
John
Santana
Uriel
Rowen
Ricky
Abel
Cannon
Sylas
Adonis
Conor
Brooks
Kyng
Ty
Madden
Lionel
Clark
Mateo
Joseph
Troy
Jerry
Rory
Dante
Aries
Keanu
Gary
Cesar
Braden
Alfred
Danny
Leandro
Jaden
Ariel
Alonzo
Azariah
Caleb
Philip
Keaton
Ty
Leandro
Ayden
Stephen
Landon
Koda
Luis
Rene
Grey
Kamari
Emir
Callahan
Kayden
Reese
Grayson
Porter
Baylor
Adan
Scott
Zander
Hank
Titan
Mathias
Mario
Melvin
Bryson
Ricky
Sutton
Brian
Keith
Jakob
Benson
Wesley
Ephraim
Myles
Boone
Aayan
Lyle
Apollo
Warren
Julio
Anakin
Derrick
Branson
Sage
Logan
Nikolai
Braylon
Braydon
Jaxson
Abdiel
Kamdyn
Samir
Conner
Jamari
Genesis
Julien
Amari
Jack
Elliott
Xzavier
Alejandro
Keith
Genesis
Wade
Robert
Wes
Braylen
Maverick
Rudy
Sylas
Mayson
Cade
Rafael
Oliver
Barrett
Desmond
Maximus
Martin
Gerald
Axton
Juelz
Turner
Davis
Princeton
Gage
Chandler
Niko
Madden
Eden
Rhett
Darius
Eduardo
Beau
Dax
Mordechai
Hector
Deandre
Kase
Archer
Braxton
Aziel
Dangelo
Kaden
Brentley
Denver
Jonah
Ayaan
Javier
Marcelo
Raiden
Jake
Anderson
Alexander
Adrian
Abdiel
Jordan
Allan
Mario
Edison
Layton
Kamden
Santana
Tripp
Dillon
Elliot
Bryan
Ryder
Jasper
Elisha
Marshall
Sean
Ellis
Lane
Caiden
Louis
Kaison
Jameson
Corey
Owen
Flynn
Jad
Kannon
Cruz
Joshua
Remington
Jeffrey
Kingston
Kellan
Ernesto
Erick
Javier
Richard
Parker
Kyng
Billy
Aryan
Kylo
Adrian
Ivan
Grady
Deacon
Matthias
Jamari
Rey
Elliot
Jude
Remington
Ryder
Emmanuel
Noel
Russell
Maxim
Alessandro
Fisher
Crew
Micah
Skyler
Marcelo
Nova
Kade
Will
Rodney
Dorian
Seven
Darian
Brock
Jason
Corbin
Jaime
Cassius
Julian
Marc
Simeon
Quentin
Yahya
Mateo
River
Spencer
Marshall
Davis
Colby
Ace
Kole
Cesar
Gary
Avery
Dax
Ezra
Juelz
Cason
Ignacio
Gael
Merrick
Jabari
Edison
Conor
Pedro
Kendrick
Brett
Pierce
Rowen
Anders
Melvin
Skyler
David
Hector
Michael
Nicholas
Isaac
Castiel
Julius
Marco
Koda
Kye
Forrest
Rocco
Rocco
Kai
Eduardo
Joshua
Howard
Ruben
Nikolai
Rodney
Antonio
Bennett
Raymond
Alvin
John
Jude
Odin
Zander
Brycen
Elian
Briar
Enoch
Harvey
Harvey
Alexis
Robert
Quentin
Colby
Aden
Ishaan
Aries
Omar
Leland
John
Robin
Keaton
Kaiden
Austin
Dario
Kashton
Eduardo
Enrique
Kevin
Brett
Hassan
Major
Dash
Abram
Kash
Frederick
Adrian
Luca
Jakari
Andres
Axel
Ali
Kai
Jaiden
Aydin
Shane
Houston
Ayan
Milo
Marshall
Luciano
Kody
Malakai
Zaid
Liam
Jason
Tommy
Augustine
Kyro
Benicio
Tru
Moshe
Tristan
Andy
Reece
Muhammad
Leandro
Xzavier
Grady
Wayne
Gerald
Sawyer
Joaquin
Bellamy
Sincere
Kohen
Abraham
Charles
Alex
Zion
Romeo
Judson
Braden
Luciano
Zechariah
Royce
Jeffrey
Marquis
Jack
Case
Kaiser
Andres
Junior
Otto
Kamdyn
Bryce
Ari
Major
Easton
Sage
Carter
Tucker
Saul
Arian
Greyson
Waylon
Rhys
Gunnar
Lance
Marco
Luke
Huxley
Duke
Nathaniel
Joaquin
Corey
Pablo
Patrick
Alexis
Arjun
Asher
Esteban
Paul
Ambrose
Marcellus
Grady
Lennon
Camden
Romeo
Alexander
Stanley
Harrison
Casey
Lucas
Jaylen
Jose
Beau
Angelo
Eithan
Hector
Jaxton
Salvatore
Theo
Rhett
Cyrus
Camilo
Kameron
Jonah
Beau
Jaxon
Killian
Zayn
Miguel
Karter
Damon
Anthony
Juelz
Briggs
Castiel
Titan
Tate
Frank
Dax
Marquis
Aziel
Zion
Kasen
Saul
Eliel
Allen
Bryan
Juan
Cain
Spencer
Tadeo
Luis
Kaiser
Kelvin
Lorenzo
Cruz
Gael
Damian
John
Lance
Maurice
Manuel
Abdullah
Conrad
Joshua
Armani
Julio
Wesley
Keanu
Dustin
Jayson
Kyle
Jett
Kase
Valentin
Idris
Nelson
Jasiah
Talon
Orlando
Zechariah
Bruce
Ramon
Anthony
Blaise
Aiden
Alaric
Dexter
Aden
Odin
Javion
Danny
Israel
Yisroel
Wilson
Leonel
Ayan
Alonzo
Pablo
Blaze
Ryder
Frederick
Jabari
Yosef
Flynn
Drew
Colson
Luke
Baylor
Ty
Kash
Raymond
Gerardo
Ellis
Malachi
Adrian
King
Liam
Caleb
Brixton
Frank
Rayan
Paul
Atlas
Harlan
Flynn
Dorian
Damien
Ledger
Bruno
Kaysen
Dominik
Kingston
Manuel
Mark
Marcellus
Milan
Eddie
Stefan
Russell
Gary
Javion
Ishaan
Quinton
Tadeo
Duke
